{"/home/claude/v13/projeto/psiconnect/backend/src/app.js": {"path":"/home/claude/v13/projeto/psiconnect/backend/src/app.js","statementMap":{"0":{"start":{"line":1,"column":21},"end":{"line":1,"column":39}},"1":{"start":{"line":2,"column":21},"end":{"line":2,"column":36}},"2":{"start":{"line":3,"column":21},"end":{"line":3,"column":38}},"3":{"start":{"line":4,"column":21},"end":{"line":4,"column":36}},"4":{"start":{"line":5,"column":21},"end":{"line":5,"column":65}},"5":{"start":{"line":6,"column":21},"end":{"line":6,"column":64}},"6":{"start":{"line":8,"column":0},"end":{"line":8,"column":16}},"7":{"start":{"line":10,"column":26},"end":{"line":10,"column":56}},"8":{"start":{"line":11,"column":26},"end":{"line":11,"column":57}},"9":{"start":{"line":12,"column":26},"end":{"line":12,"column":61}},"10":{"start":{"line":13,"column":26},"end":{"line":13,"column":59}},"11":{"start":{"line":14,"column":26},"end":{"line":14,"column":63}},"12":{"start":{"line":15,"column":26},"end":{"line":15,"column":56}},"13":{"start":{"line":16,"column":26},"end":{"line":16,"column":60}},"14":{"start":{"line":17,"column":26},"end":{"line":17,"column":60}},"15":{"start":{"line":18,"column":26},"end":{"line":18,"column":62}},"16":{"start":{"line":19,"column":26},"end":{"line":19,"column":58}},"17":{"start":{"line":20,"column":26},"end":{"line":20,"column":57}},"18":{"start":{"line":21,"column":26},"end":{"line":21,"column":66}},"19":{"start":{"line":23,"column":12},"end":{"line":23,"column":21}},"20":{"start":{"line":25,"column":0},"end":{"line":25,"column":26}},"21":{"start":{"line":27,"column":0},"end":{"line":27,"column":98}},"22":{"start":{"line":28,"column":0},"end":{"line":28,"column":40}},"23":{"start":{"line":29,"column":0},"end":{"line":29,"column":48}},"24":{"start":{"line":30,"column":0},"end":{"line":30,"column":18}},"25":{"start":{"line":31,"column":0},"end":{"line":31,"column":75}},"26":{"start":{"line":32,"column":0},"end":{"line":32,"column":26}},"27":{"start":{"line":34,"column":0},"end":{"line":34,"column":61}},"28":{"start":{"line":34,"column":33},"end":{"line":34,"column":59}},"29":{"start":{"line":36,"column":0},"end":{"line":36,"column":41}},"30":{"start":{"line":37,"column":0},"end":{"line":37,"column":42}},"31":{"start":{"line":38,"column":0},"end":{"line":38,"column":46}},"32":{"start":{"line":39,"column":0},"end":{"line":39,"column":44}},"33":{"start":{"line":40,"column":0},"end":{"line":40,"column":48}},"34":{"start":{"line":41,"column":0},"end":{"line":41,"column":41}},"35":{"start":{"line":42,"column":0},"end":{"line":42,"column":45}},"36":{"start":{"line":43,"column":0},"end":{"line":43,"column":45}},"37":{"start":{"line":44,"column":0},"end":{"line":44,"column":47}},"38":{"start":{"line":45,"column":0},"end":{"line":45,"column":43}},"39":{"start":{"line":46,"column":0},"end":{"line":46,"column":42}},"40":{"start":{"line":48,"column":0},"end":{"line":48,"column":25}},"41":{"start":{"line":50,"column":0},"end":{"line":50,"column":21}}},"fnMap":{"0":{"name":"(anonymous_0)","decl":{"start":{"line":34,"column":19},"end":{"line":34,"column":20}},"loc":{"start":{"line":34,"column":33},"end":{"line":34,"column":59}},"line":34}},"branchMap":{"0":{"loc":{"start":{"line":27,"column":23},"end":{"line":27,"column":74}},"type":"binary-expr","locations":[{"start":{"line":27,"column":23},"end":{"line":27,"column":47}},{"start":{"line":27,"column":51},"end":{"line":27,"column":74}}],"line":27}},"s":{"0":6,"1":6,"2":6,"3":6,"4":6,"5":6,"6":6,"7":6,"8":6,"9":6,"10":6,"11":6,"12":6,"13":6,"14":6,"15":6,"16":6,"17":6,"18":6,"19":6,"20":6,"21":6,"22":6,"23":6,"24":6,"25":6,"26":6,"27":6,"28":0,"29":6,"30":6,"31":6,"32":6,"33":6,"34":6,"35":6,"36":6,"37":6,"38":6,"39":6,"40":6,"41":6},"f":{"0":0},"b":{"0":[6,0]},"_coverageSchema":"1a1c01bbd47fc00a2c39e90264f33305004495a9","hash":"ef830158f37e7057b8b39075b47708ba5b4c21f9"}
,"/home/claude/v13/projeto/psiconnect/backend/src/config/database.js": {"path":"/home/claude/v13/projeto/psiconnect/backend/src/config/database.js","statementMap":{"0":{"start":{"line":1,"column":24},"end":{"line":1,"column":37}},"1":{"start":{"line":4,"column":0},"end":{"line":4,"column":40}},"2":{"start":{"line":4,"column":35},"end":{"line":4,"column":38}},"3":{"start":{"line":5,"column":0},"end":{"line":5,"column":40}},"4":{"start":{"line":5,"column":35},"end":{"line":5,"column":38}},"5":{"start":{"line":7,"column":13},"end":{"line":10,"column":2}},"6":{"start":{"line":12,"column":0},"end":{"line":19,"column":3}},"7":{"start":{"line":13,"column":2},"end":{"line":16,"column":3}},"8":{"start":{"line":14,"column":4},"end":{"line":14,"column":61}},"9":{"start":{"line":15,"column":4},"end":{"line":15,"column":11}},"10":{"start":{"line":17,"column":2},"end":{"line":17,"column":12}},"11":{"start":{"line":18,"column":2},"end":{"line":18,"column":51}},"12":{"start":{"line":21,"column":0},"end":{"line":21,"column":22}}},"fnMap":{"0":{"name":"(anonymous_0)","decl":{"start":{"line":4,"column":26},"end":{"line":4,"column":27}},"loc":{"start":{"line":4,"column":35},"end":{"line":4,"column":38}},"line":4},"1":{"name":"(anonymous_1)","decl":{"start":{"line":5,"column":26},"end":{"line":5,"column":27}},"loc":{"start":{"line":5,"column":35},"end":{"line":5,"column":38}},"line":5},"2":{"name":"(anonymous_2)","decl":{"start":{"line":12,"column":13},"end":{"line":12,"column":14}},"loc":{"start":{"line":12,"column":39},"end":{"line":19,"column":1}},"line":12}},"branchMap":{"0":{"loc":{"start":{"line":13,"column":2},"end":{"line":16,"column":3}},"type":"if","locations":[{"start":{"line":13,"column":2},"end":{"line":16,"column":3}},{"start":{},"end":{}}],"line":13}},"s":{"0":13,"1":13,"2":0,"3":13,"4":0,"5":13,"6":13,"7":1,"8":1,"9":1,"10":0,"11":0,"12":13},"f":{"0":0,"1":0,"2":1},"b":{"0":[1,0]},"_coverageSchema":"1a1c01bbd47fc00a2c39e90264f33305004495a9","hash":"eb59332f8010c39f8dcf7cf17a85650ed813ddb5"}
,"/home/claude/v13/projeto/psiconnect/backend/src/controllers/appointmentController.js": {"path":"/home/claude/v13/projeto/psiconnect/backend/src/controllers/appointmentController.js","statementMap":{"0":{"start":{"line":1,"column":27},"end":{"line":1,"column":68}},"1":{"start":{"line":4,"column":2},"end":{"line":8,"column":26}},"2":{"start":{"line":5,"column":55},"end":{"line":5,"column":64}},"3":{"start":{"line":6,"column":22},"end":{"line":6,"column":106}},"4":{"start":{"line":7,"column":4},"end":{"line":7,"column":43}},"5":{"start":{"line":8,"column":16},"end":{"line":8,"column":24}},"6":{"start":{"line":12,"column":2},"end":{"line":15,"column":26}},"7":{"start":{"line":13,"column":14},"end":{"line":13,"column":78}},"8":{"start":{"line":14,"column":4},"end":{"line":14,"column":35}},"9":{"start":{"line":15,"column":16},"end":{"line":15,"column":24}},"10":{"start":{"line":19,"column":2},"end":{"line":22,"column":26}},"11":{"start":{"line":20,"column":22},"end":{"line":20,"column":75}},"12":{"start":{"line":21,"column":4},"end":{"line":21,"column":81}},"13":{"start":{"line":22,"column":16},"end":{"line":22,"column":24}},"14":{"start":{"line":26,"column":2},"end":{"line":30,"column":26}},"15":{"start":{"line":27,"column":18},"end":{"line":27,"column":42}},"16":{"start":{"line":28,"column":22},"end":{"line":28,"column":101}},"17":{"start":{"line":29,"column":4},"end":{"line":29,"column":80}},"18":{"start":{"line":30,"column":16},"end":{"line":30,"column":24}},"19":{"start":{"line":34,"column":2},"end":{"line":38,"column":26}},"20":{"start":{"line":35,"column":18},"end":{"line":35,"column":42}},"21":{"start":{"line":36,"column":22},"end":{"line":36,"column":90}},"22":{"start":{"line":37,"column":4},"end":{"line":37,"column":79}},"23":{"start":{"line":38,"column":16},"end":{"line":38,"column":24}},"24":{"start":{"line":42,"column":2},"end":{"line":45,"column":26}},"25":{"start":{"line":43,"column":14},"end":{"line":43,"column":75}},"26":{"start":{"line":44,"column":4},"end":{"line":44,"column":94}},"27":{"start":{"line":45,"column":16},"end":{"line":45,"column":24}},"28":{"start":{"line":48,"column":0},"end":{"line":48,"column":79}}},"fnMap":{"0":{"name":"listar","decl":{"start":{"line":3,"column":15},"end":{"line":3,"column":21}},"loc":{"start":{"line":3,"column":38},"end":{"line":9,"column":1}},"line":3},"1":{"name":"buscarPorId","decl":{"start":{"line":11,"column":15},"end":{"line":11,"column":26}},"loc":{"start":{"line":11,"column":43},"end":{"line":16,"column":1}},"line":11},"2":{"name":"criar","decl":{"start":{"line":18,"column":15},"end":{"line":18,"column":20}},"loc":{"start":{"line":18,"column":37},"end":{"line":23,"column":1}},"line":18},"3":{"name":"atualizar","decl":{"start":{"line":25,"column":15},"end":{"line":25,"column":24}},"loc":{"start":{"line":25,"column":41},"end":{"line":31,"column":1}},"line":25},"4":{"name":"cancelar","decl":{"start":{"line":33,"column":15},"end":{"line":33,"column":23}},"loc":{"start":{"line":33,"column":40},"end":{"line":39,"column":1}},"line":33},"5":{"name":"concluir","decl":{"start":{"line":41,"column":15},"end":{"line":41,"column":23}},"loc":{"start":{"line":41,"column":40},"end":{"line":46,"column":1}},"line":41}},"branchMap":{"0":{"loc":{"start":{"line":27,"column":18},"end":{"line":27,"column":42}},"type":"binary-expr","locations":[{"start":{"line":27,"column":18},"end":{"line":27,"column":33}},{"start":{"line":27,"column":37},"end":{"line":27,"column":42}}],"line":27},"1":{"loc":{"start":{"line":35,"column":18},"end":{"line":35,"column":42}},"type":"binary-expr","locations":[{"start":{"line":35,"column":18},"end":{"line":35,"column":33}},{"start":{"line":35,"column":37},"end":{"line":35,"column":42}}],"line":35}},"s":{"0":6,"1":0,"2":0,"3":0,"4":0,"5":0,"6":0,"7":0,"8":0,"9":0,"10":0,"11":0,"12":0,"13":0,"14":0,"15":0,"16":0,"17":0,"18":0,"19":0,"20":0,"21":0,"22":0,"23":0,"24":0,"25":0,"26":0,"27":0,"28":6},"f":{"0":0,"1":0,"2":0,"3":0,"4":0,"5":0},"b":{"0":[0,0],"1":[0,0]},"_coverageSchema":"1a1c01bbd47fc00a2c39e90264f33305004495a9","hash":"21c6b912762ee4b75071ede0812c98da7e4ce0c5"}
,"/home/claude/v13/projeto/psiconnect/backend/src/controllers/authController.js": {"path":"/home/claude/v13/projeto/psiconnect/backend/src/controllers/authController.js","statementMap":{"0":{"start":{"line":1,"column":20},"end":{"line":1,"column":54}},"1":{"start":{"line":4,"column":2},"end":{"line":13,"column":26}},"2":{"start":{"line":5,"column":65},"end":{"line":5,"column":73}},"3":{"start":{"line":7,"column":4},"end":{"line":9,"column":5}},"4":{"start":{"line":8,"column":6},"end":{"line":8,"column":117}},"5":{"start":{"line":11,"column":22},"end":{"line":11,"column":84}},"6":{"start":{"line":12,"column":4},"end":{"line":12,"column":82}},"7":{"start":{"line":13,"column":16},"end":{"line":13,"column":24}},"8":{"start":{"line":17,"column":2},"end":{"line":21,"column":26}},"9":{"start":{"line":18,"column":32},"end":{"line":18,"column":40}},"10":{"start":{"line":19,"column":22},"end":{"line":19,"column":62}},"11":{"start":{"line":20,"column":4},"end":{"line":20,"column":79}},"12":{"start":{"line":21,"column":16},"end":{"line":21,"column":24}},"13":{"start":{"line":25,"column":2},"end":{"line":28,"column":26}},"14":{"start":{"line":26,"column":20},"end":{"line":26,"column":60}},"15":{"start":{"line":27,"column":4},"end":{"line":27,"column":41}},"16":{"start":{"line":28,"column":16},"end":{"line":28,"column":24}},"17":{"start":{"line":32,"column":2},"end":{"line":37,"column":26}},"18":{"start":{"line":33,"column":33},"end":{"line":33,"column":41}},"19":{"start":{"line":34,"column":4},"end":{"line":34,"column":81}},"20":{"start":{"line":34,"column":15},"end":{"line":34,"column":81}},"21":{"start":{"line":35,"column":20},"end":{"line":35,"column":84}},"22":{"start":{"line":36,"column":4},"end":{"line":36,"column":76}},"23":{"start":{"line":37,"column":16},"end":{"line":37,"column":24}},"24":{"start":{"line":41,"column":2},"end":{"line":51,"column":26}},"25":{"start":{"line":42,"column":45},"end":{"line":42,"column":53}},"26":{"start":{"line":43,"column":4},"end":{"line":45,"column":5}},"27":{"start":{"line":44,"column":6},"end":{"line":44,"column":93}},"28":{"start":{"line":46,"column":4},"end":{"line":48,"column":5}},"29":{"start":{"line":47,"column":6},"end":{"line":47,"column":97}},"30":{"start":{"line":49,"column":22},"end":{"line":49,"column":95}},"31":{"start":{"line":50,"column":4},"end":{"line":50,"column":43}},"32":{"start":{"line":51,"column":16},"end":{"line":51,"column":24}},"33":{"start":{"line":55,"column":2},"end":{"line":62,"column":26}},"34":{"start":{"line":56,"column":28},"end":{"line":56,"column":36}},"35":{"start":{"line":57,"column":4},"end":{"line":59,"column":5}},"36":{"start":{"line":58,"column":6},"end":{"line":58,"column":104}},"37":{"start":{"line":60,"column":22},"end":{"line":60,"column":65}},"38":{"start":{"line":61,"column":4},"end":{"line":61,"column":43}},"39":{"start":{"line":62,"column":16},"end":{"line":62,"column":24}},"40":{"start":{"line":65,"column":0},"end":{"line":65,"column":95}}},"fnMap":{"0":{"name":"register","decl":{"start":{"line":3,"column":15},"end":{"line":3,"column":23}},"loc":{"start":{"line":3,"column":40},"end":{"line":14,"column":1}},"line":3},"1":{"name":"login","decl":{"start":{"line":16,"column":15},"end":{"line":16,"column":20}},"loc":{"start":{"line":16,"column":37},"end":{"line":22,"column":1}},"line":16},"2":{"name":"getProfile","decl":{"start":{"line":24,"column":15},"end":{"line":24,"column":25}},"loc":{"start":{"line":24,"column":42},"end":{"line":29,"column":1}},"line":24},"3":{"name":"updateProfile","decl":{"start":{"line":31,"column":15},"end":{"line":31,"column":28}},"loc":{"start":{"line":31,"column":45},"end":{"line":38,"column":1}},"line":31},"4":{"name":"changePassword","decl":{"start":{"line":40,"column":15},"end":{"line":40,"column":29}},"loc":{"start":{"line":40,"column":46},"end":{"line":52,"column":1}},"line":40},"5":{"name":"deleteAccount","decl":{"start":{"line":54,"column":15},"end":{"line":54,"column":28}},"loc":{"start":{"line":54,"column":45},"end":{"line":63,"column":1}},"line":54}},"branchMap":{"0":{"loc":{"start":{"line":7,"column":4},"end":{"line":9,"column":5}},"type":"if","locations":[{"start":{"line":7,"column":4},"end":{"line":9,"column":5}},{"start":{},"end":{}}],"line":7},"1":{"loc":{"start":{"line":34,"column":4},"end":{"line":34,"column":81}},"type":"if","locations":[{"start":{"line":34,"column":4},"end":{"line":34,"column":81}},{"start":{},"end":{}}],"line":34},"2":{"loc":{"start":{"line":43,"column":4},"end":{"line":45,"column":5}},"type":"if","locations":[{"start":{"line":43,"column":4},"end":{"line":45,"column":5}},{"start":{},"end":{}}],"line":43},"3":{"loc":{"start":{"line":43,"column":8},"end":{"line":43,"column":40}},"type":"binary-expr","locations":[{"start":{"line":43,"column":8},"end":{"line":43,"column":24}},{"start":{"line":43,"column":28},"end":{"line":43,"column":40}}],"line":43},"4":{"loc":{"start":{"line":46,"column":4},"end":{"line":48,"column":5}},"type":"if","locations":[{"start":{"line":46,"column":4},"end":{"line":48,"column":5}},{"start":{},"end":{}}],"line":46},"5":{"loc":{"start":{"line":57,"column":4},"end":{"line":59,"column":5}},"type":"if","locations":[{"start":{"line":57,"column":4},"end":{"line":59,"column":5}},{"start":{},"end":{}}],"line":57}},"s":{"0":6,"1":0,"2":0,"3":0,"4":0,"5":0,"6":0,"7":0,"8":0,"9":0,"10":0,"11":0,"12":0,"13":0,"14":0,"15":0,"16":0,"17":0,"18":0,"19":0,"20":0,"21":0,"22":0,"23":0,"24":0,"25":0,"26":0,"27":0,"28":0,"29":0,"30":0,"31":0,"32":0,"33":0,"34":0,"35":0,"36":0,"37":0,"38":0,"39":0,"40":6},"f":{"0":0,"1":0,"2":0,"3":0,"4":0,"5":0},"b":{"0":[0,0],"1":[0,0],"2":[0,0],"3":[0,0],"4":[0,0],"5":[0,0]},"_coverageSchema":"1a1c01bbd47fc00a2c39e90264f33305004495a9","hash":"151d1528fd56d5dda95a5e0a1c613054fd09512e"}
,"/home/claude/v13/projeto/psiconnect/backend/src/controllers/calendarController.js": {"path":"/home/claude/v13/projeto/psiconnect/backend/src/controllers/calendarController.js","statementMap":{"0":{"start":{"line":1,"column":24},"end":{"line":1,"column":62}},"1":{"start":{"line":4,"column":2},"end":{"line":11,"column":3}},"2":{"start":{"line":5,"column":16},"end":{"line":5,"column":62}},"3":{"start":{"line":6,"column":4},"end":{"line":6,"column":41}},"4":{"start":{"line":8,"column":4},"end":{"line":10,"column":7}},"5":{"start":{"line":15,"column":2},"end":{"line":38,"column":3}},"6":{"start":{"line":16,"column":35},"end":{"line":16,"column":44}},"7":{"start":{"line":18,"column":4},"end":{"line":21,"column":5}},"8":{"start":{"line":19,"column":6},"end":{"line":19,"column":71}},"9":{"start":{"line":20,"column":6},"end":{"line":20,"column":82}},"10":{"start":{"line":23,"column":4},"end":{"line":25,"column":5}},"11":{"start":{"line":24,"column":6},"end":{"line":24,"column":100}},"12":{"start":{"line":27,"column":4},"end":{"line":29,"column":5}},"13":{"start":{"line":28,"column":6},"end":{"line":28,"column":99}},"14":{"start":{"line":31,"column":4},"end":{"line":31,"column":57}},"15":{"start":{"line":33,"column":4},"end":{"line":33,"column":83}},"16":{"start":{"line":35,"column":4},"end":{"line":35,"column":71}},"17":{"start":{"line":36,"column":16},"end":{"line":36,"column":70}},"18":{"start":{"line":37,"column":4},"end":{"line":37,"column":90}},"19":{"start":{"line":42,"column":2},"end":{"line":45,"column":30}},"20":{"start":{"line":43,"column":19},"end":{"line":43,"column":63}},"21":{"start":{"line":44,"column":4},"end":{"line":44,"column":40}},"22":{"start":{"line":45,"column":18},"end":{"line":45,"column":28}},"23":{"start":{"line":49,"column":2},"end":{"line":52,"column":30}},"24":{"start":{"line":50,"column":22},"end":{"line":50,"column":68}},"25":{"start":{"line":51,"column":4},"end":{"line":51,"column":43}},"26":{"start":{"line":52,"column":18},"end":{"line":52,"column":28}},"27":{"start":{"line":55,"column":0},"end":{"line":55,"column":71}}},"fnMap":{"0":{"name":"getAuthUrl","decl":{"start":{"line":3,"column":15},"end":{"line":3,"column":25}},"loc":{"start":{"line":3,"column":42},"end":{"line":12,"column":1}},"line":3},"1":{"name":"handleCallback","decl":{"start":{"line":14,"column":15},"end":{"line":14,"column":29}},"loc":{"start":{"line":14,"column":46},"end":{"line":39,"column":1}},"line":14},"2":{"name":"getStatus","decl":{"start":{"line":41,"column":15},"end":{"line":41,"column":24}},"loc":{"start":{"line":41,"column":41},"end":{"line":46,"column":1}},"line":41},"3":{"name":"disconnect","decl":{"start":{"line":48,"column":15},"end":{"line":48,"column":25}},"loc":{"start":{"line":48,"column":42},"end":{"line":53,"column":1}},"line":48}},"branchMap":{"0":{"loc":{"start":{"line":9,"column":15},"end":{"line":9,"column":76}},"type":"binary-expr","locations":[{"start":{"line":9,"column":15},"end":{"line":9,"column":26}},{"start":{"line":9,"column":30},"end":{"line":9,"column":76}}],"line":9},"1":{"loc":{"start":{"line":18,"column":4},"end":{"line":21,"column":5}},"type":"if","locations":[{"start":{"line":18,"column":4},"end":{"line":21,"column":5}},{"start":{},"end":{}}],"line":18},"2":{"loc":{"start":{"line":23,"column":4},"end":{"line":25,"column":5}},"type":"if","locations":[{"start":{"line":23,"column":4},"end":{"line":25,"column":5}},{"start":{},"end":{}}],"line":23},"3":{"loc":{"start":{"line":27,"column":4},"end":{"line":29,"column":5}},"type":"if","locations":[{"start":{"line":27,"column":4},"end":{"line":29,"column":5}},{"start":{},"end":{}}],"line":27},"4":{"loc":{"start":{"line":36,"column":35},"end":{"line":36,"column":69}},"type":"binary-expr","locations":[{"start":{"line":36,"column":35},"end":{"line":36,"column":46}},{"start":{"line":36,"column":50},"end":{"line":36,"column":69}}],"line":36}},"s":{"0":6,"1":0,"2":0,"3":0,"4":0,"5":0,"6":0,"7":0,"8":0,"9":0,"10":0,"11":0,"12":0,"13":0,"14":0,"15":0,"16":0,"17":0,"18":0,"19":0,"20":0,"21":0,"22":0,"23":0,"24":0,"25":0,"26":0,"27":6},"f":{"0":0,"1":0,"2":0,"3":0},"b":{"0":[0,0],"1":[0,0],"2":[0,0],"3":[0,0],"4":[0,0]},"_coverageSchema":"1a1c01bbd47fc00a2c39e90264f33305004495a9","hash":"c7c5e750f2a21c9999e46d4a39b5d7c8b6cab60b"}
,"/home/claude/v13/projeto/psiconnect/backend/src/controllers/dashboardController.js": {"path":"/home/claude/v13/projeto/psiconnect/backend/src/controllers/dashboardController.js","statementMap":{"0":{"start":{"line":2,"column":25},"end":{"line":2,"column":64}},"1":{"start":{"line":5,"column":2},"end":{"line":8,"column":32}},"2":{"start":{"line":6,"column":18},"end":{"line":6,"column":62}},"3":{"start":{"line":7,"column":4},"end":{"line":7,"column":39}},"4":{"start":{"line":8,"column":19},"end":{"line":8,"column":30}},"5":{"start":{"line":11,"column":0},"end":{"line":11,"column":34}}},"fnMap":{"0":{"name":"getDashboard","decl":{"start":{"line":4,"column":15},"end":{"line":4,"column":27}},"loc":{"start":{"line":4,"column":44},"end":{"line":9,"column":1}},"line":4}},"branchMap":{},"s":{"0":6,"1":0,"2":0,"3":0,"4":0,"5":6},"f":{"0":0},"b":{},"_coverageSchema":"1a1c01bbd47fc00a2c39e90264f33305004495a9","hash":"0c338a7e37d749be4442c896ebb5dd2f56b2ca4a"}
,"/home/claude/v13/projeto/psiconnect/backend/src/controllers/funilController.js": {"path":"/home/claude/v13/projeto/psiconnect/backend/src/controllers/funilController.js","statementMap":{"0":{"start":{"line":1,"column":21},"end":{"line":1,"column":54}},"1":{"start":{"line":4,"column":2},"end":{"line":12,"column":26}},"2":{"start":{"line":5,"column":22},"end":{"line":5,"column":65}},"3":{"start":{"line":6,"column":21},"end":{"line":6,"column":23}},"4":{"start":{"line":7,"column":4},"end":{"line":7,"column":66}},"5":{"start":{"line":7,"column":45},"end":{"line":7,"column":62}},"6":{"start":{"line":8,"column":4},"end":{"line":10,"column":7}},"7":{"start":{"line":9,"column":6},"end":{"line":9,"column":67}},"8":{"start":{"line":9,"column":35},"end":{"line":9,"column":67}},"9":{"start":{"line":11,"column":4},"end":{"line":11,"column":42}},"10":{"start":{"line":12,"column":16},"end":{"line":12,"column":24}},"11":{"start":{"line":16,"column":2},"end":{"line":24,"column":26}},"12":{"start":{"line":17,"column":22},"end":{"line":17,"column":30}},"13":{"start":{"line":18,"column":4},"end":{"line":20,"column":5}},"14":{"start":{"line":19,"column":6},"end":{"line":19,"column":66}},"15":{"start":{"line":21,"column":21},"end":{"line":21,"column":98}},"16":{"start":{"line":22,"column":4},"end":{"line":22,"column":88}},"17":{"start":{"line":22,"column":19},"end":{"line":22,"column":88}},"18":{"start":{"line":23,"column":4},"end":{"line":23,"column":76}},"19":{"start":{"line":24,"column":16},"end":{"line":24,"column":24}},"20":{"start":{"line":27,"column":0},"end":{"line":27,"column":40}}},"fnMap":{"0":{"name":"listar","decl":{"start":{"line":3,"column":15},"end":{"line":3,"column":21}},"loc":{"start":{"line":3,"column":38},"end":{"line":13,"column":1}},"line":3},"1":{"name":"(anonymous_1)","decl":{"start":{"line":7,"column":38},"end":{"line":7,"column":39}},"loc":{"start":{"line":7,"column":43},"end":{"line":7,"column":64}},"line":7},"2":{"name":"(anonymous_2)","decl":{"start":{"line":8,"column":22},"end":{"line":8,"column":23}},"loc":{"start":{"line":8,"column":27},"end":{"line":10,"column":5}},"line":8},"3":{"name":"moverEtapa","decl":{"start":{"line":15,"column":15},"end":{"line":15,"column":25}},"loc":{"start":{"line":15,"column":42},"end":{"line":25,"column":1}},"line":15}},"branchMap":{"0":{"loc":{"start":{"line":9,"column":6},"end":{"line":9,"column":67}},"type":"if","locations":[{"start":{"line":9,"column":6},"end":{"line":9,"column":67}},{"start":{},"end":{}}],"line":9},"1":{"loc":{"start":{"line":18,"column":4},"end":{"line":20,"column":5}},"type":"if","locations":[{"start":{"line":18,"column":4},"end":{"line":20,"column":5}},{"start":{},"end":{}}],"line":18},"2":{"loc":{"start":{"line":18,"column":8},"end":{"line":18,"column":60}},"type":"binary-expr","locations":[{"start":{"line":18,"column":8},"end":{"line":18,"column":14}},{"start":{"line":18,"column":18},"end":{"line":18,"column":60}}],"line":18},"3":{"loc":{"start":{"line":22,"column":4},"end":{"line":22,"column":88}},"type":"if","locations":[{"start":{"line":22,"column":4},"end":{"line":22,"column":88}},{"start":{},"end":{}}],"line":22}},"s":{"0":6,"1":0,"2":0,"3":0,"4":0,"5":0,"6":0,"7":0,"8":0,"9":0,"10":0,"11":0,"12":0,"13":0,"14":0,"15":0,"16":0,"17":0,"18":0,"19":0,"20":6},"f":{"0":0,"1":0,"2":0,"3":0},"b":{"0":[0,0],"1":[0,0],"2":[0,0],"3":[0,0]},"_coverageSchema":"1a1c01bbd47fc00a2c39e90264f33305004495a9","hash":"30da845eeb286998b9c2d46e7f0e42c778499c3f"}
,"/home/claude/v13/projeto/psiconnect/backend/src/controllers/noteController.js": {"path":"/home/claude/v13/projeto/psiconnect/backend/src/controllers/noteController.js","statementMap":{"0":{"start":{"line":2,"column":20},"end":{"line":2,"column":54}},"1":{"start":{"line":5,"column":2},"end":{"line":8,"column":32}},"2":{"start":{"line":6,"column":18},"end":{"line":6,"column":92}},"3":{"start":{"line":7,"column":4},"end":{"line":7,"column":39}},"4":{"start":{"line":8,"column":19},"end":{"line":8,"column":30}},"5":{"start":{"line":12,"column":2},"end":{"line":15,"column":32}},"6":{"start":{"line":13,"column":22},"end":{"line":13,"column":95}},"7":{"start":{"line":14,"column":4},"end":{"line":14,"column":43}},"8":{"start":{"line":15,"column":19},"end":{"line":15,"column":30}},"9":{"start":{"line":19,"column":2},"end":{"line":22,"column":32}},"10":{"start":{"line":20,"column":17},"end":{"line":20,"column":97}},"11":{"start":{"line":21,"column":4},"end":{"line":21,"column":71}},"12":{"start":{"line":22,"column":19},"end":{"line":22,"column":30}},"13":{"start":{"line":26,"column":2},"end":{"line":29,"column":32}},"14":{"start":{"line":27,"column":17},"end":{"line":27,"column":77}},"15":{"start":{"line":28,"column":4},"end":{"line":28,"column":75}},"16":{"start":{"line":29,"column":19},"end":{"line":29,"column":30}},"17":{"start":{"line":33,"column":2},"end":{"line":36,"column":32}},"18":{"start":{"line":34,"column":22},"end":{"line":34,"column":62}},"19":{"start":{"line":35,"column":4},"end":{"line":35,"column":43}},"20":{"start":{"line":36,"column":19},"end":{"line":36,"column":30}},"21":{"start":{"line":39,"column":0},"end":{"line":39,"column":78}}},"fnMap":{"0":{"name":"listByAppointment","decl":{"start":{"line":4,"column":15},"end":{"line":4,"column":32}},"loc":{"start":{"line":4,"column":49},"end":{"line":9,"column":1}},"line":4},"1":{"name":"listByPatient","decl":{"start":{"line":11,"column":15},"end":{"line":11,"column":28}},"loc":{"start":{"line":11,"column":45},"end":{"line":16,"column":1}},"line":11},"2":{"name":"create","decl":{"start":{"line":18,"column":15},"end":{"line":18,"column":21}},"loc":{"start":{"line":18,"column":38},"end":{"line":23,"column":1}},"line":18},"3":{"name":"update","decl":{"start":{"line":25,"column":15},"end":{"line":25,"column":21}},"loc":{"start":{"line":25,"column":38},"end":{"line":30,"column":1}},"line":25},"4":{"name":"remove","decl":{"start":{"line":32,"column":15},"end":{"line":32,"column":21}},"loc":{"start":{"line":32,"column":38},"end":{"line":37,"column":1}},"line":32}},"branchMap":{},"s":{"0":6,"1":0,"2":0,"3":0,"4":0,"5":0,"6":0,"7":0,"8":0,"9":0,"10":0,"11":0,"12":0,"13":0,"14":0,"15":0,"16":0,"17":0,"18":0,"19":0,"20":0,"21":6},"f":{"0":0,"1":0,"2":0,"3":0,"4":0},"b":{},"_coverageSchema":"1a1c01bbd47fc00a2c39e90264f33305004495a9","hash":"3cf37fa0769f60db8888496228589df26697d1fb"}
,"/home/claude/v13/projeto/psiconnect/backend/src/controllers/patientController.js": {"path":"/home/claude/v13/projeto/psiconnect/backend/src/controllers/patientController.js","statementMap":{"0":{"start":{"line":2,"column":23},"end":{"line":2,"column":60}},"1":{"start":{"line":5,"column":2},"end":{"line":8,"column":32}},"2":{"start":{"line":6,"column":22},"end":{"line":6,"column":80}},"3":{"start":{"line":7,"column":4},"end":{"line":7,"column":43}},"4":{"start":{"line":8,"column":19},"end":{"line":8,"column":30}},"5":{"start":{"line":12,"column":2},"end":{"line":15,"column":32}},"6":{"start":{"line":13,"column":21},"end":{"line":13,"column":81}},"7":{"start":{"line":14,"column":4},"end":{"line":14,"column":42}},"8":{"start":{"line":15,"column":19},"end":{"line":15,"column":30}},"9":{"start":{"line":19,"column":2},"end":{"line":22,"column":32}},"10":{"start":{"line":20,"column":21},"end":{"line":20,"column":70}},"11":{"start":{"line":21,"column":4},"end":{"line":21,"column":79}},"12":{"start":{"line":22,"column":19},"end":{"line":22,"column":30}},"13":{"start":{"line":26,"column":2},"end":{"line":29,"column":32}},"14":{"start":{"line":27,"column":21},"end":{"line":27,"column":89}},"15":{"start":{"line":28,"column":4},"end":{"line":28,"column":79}},"16":{"start":{"line":29,"column":19},"end":{"line":29,"column":30}},"17":{"start":{"line":33,"column":2},"end":{"line":36,"column":32}},"18":{"start":{"line":34,"column":22},"end":{"line":34,"column":78}},"19":{"start":{"line":35,"column":4},"end":{"line":35,"column":43}},"20":{"start":{"line":36,"column":19},"end":{"line":36,"column":30}},"21":{"start":{"line":39,"column":0},"end":{"line":39,"column":55}}},"fnMap":{"0":{"name":"list","decl":{"start":{"line":4,"column":15},"end":{"line":4,"column":19}},"loc":{"start":{"line":4,"column":36},"end":{"line":9,"column":1}},"line":4},"1":{"name":"get","decl":{"start":{"line":11,"column":15},"end":{"line":11,"column":18}},"loc":{"start":{"line":11,"column":35},"end":{"line":16,"column":1}},"line":11},"2":{"name":"create","decl":{"start":{"line":18,"column":15},"end":{"line":18,"column":21}},"loc":{"start":{"line":18,"column":38},"end":{"line":23,"column":1}},"line":18},"3":{"name":"update","decl":{"start":{"line":25,"column":15},"end":{"line":25,"column":21}},"loc":{"start":{"line":25,"column":38},"end":{"line":30,"column":1}},"line":25},"4":{"name":"remove","decl":{"start":{"line":32,"column":15},"end":{"line":32,"column":21}},"loc":{"start":{"line":32,"column":38},"end":{"line":37,"column":1}},"line":32}},"branchMap":{},"s":{"0":6,"1":0,"2":0,"3":0,"4":0,"5":0,"6":0,"7":0,"8":0,"9":0,"10":0,"11":0,"12":0,"13":0,"14":0,"15":0,"16":0,"17":0,"18":0,"19":0,"20":0,"21":6},"f":{"0":0,"1":0,"2":0,"3":0,"4":0},"b":{},"_coverageSchema":"1a1c01bbd47fc00a2c39e90264f33305004495a9","hash":"88db546d7d8b33e07a19d0962c8e0fe9fe2ad23c"}
,"/home/claude/v13/projeto/psiconnect/backend/src/controllers/prontuarioController.js": {"path":"/home/claude/v13/projeto/psiconnect/backend/src/controllers/prontuarioController.js","statementMap":{"0":{"start":{"line":1,"column":26},"end":{"line":1,"column":66}},"1":{"start":{"line":2,"column":26},"end":{"line":2,"column":59}},"2":{"start":{"line":3,"column":26},"end":{"line":3,"column":56}},"3":{"start":{"line":4,"column":26},"end":{"line":4,"column":41}},"4":{"start":{"line":5,"column":26},"end":{"line":5,"column":39}},"5":{"start":{"line":8,"column":2},"end":{"line":11,"column":26}},"6":{"start":{"line":9,"column":23},"end":{"line":9,"column":88}},"7":{"start":{"line":10,"column":4},"end":{"line":10,"column":50}},"8":{"start":{"line":11,"column":16},"end":{"line":11,"column":24}},"9":{"start":{"line":15,"column":2},"end":{"line":24,"column":26}},"10":{"start":{"line":16,"column":26},"end":{"line":16,"column":34}},"11":{"start":{"line":17,"column":26},"end":{"line":17,"column":57}},"12":{"start":{"line":18,"column":26},"end":{"line":18,"column":65}},"13":{"start":{"line":20,"column":23},"end":{"line":22,"column":5}},"14":{"start":{"line":23,"column":4},"end":{"line":23,"column":78}},"15":{"start":{"line":24,"column":16},"end":{"line":24,"column":24}},"16":{"start":{"line":28,"column":2},"end":{"line":154,"column":26}},"17":{"start":{"line":29,"column":46},"end":{"line":33,"column":6}},"18":{"start":{"line":35,"column":4},"end":{"line":35,"column":88}},"19":{"start":{"line":35,"column":19},"end":{"line":35,"column":88}},"20":{"start":{"line":37,"column":24},"end":{"line":37,"column":41}},"21":{"start":{"line":39,"column":16},"end":{"line":39,"column":59}},"22":{"start":{"line":41,"column":24},"end":{"line":41,"column":77}},"23":{"start":{"line":42,"column":4},"end":{"line":42,"column":53}},"24":{"start":{"line":43,"column":4},"end":{"line":43,"column":82}},"25":{"start":{"line":45,"column":4},"end":{"line":45,"column":18}},"26":{"start":{"line":47,"column":4},"end":{"line":51,"column":47}},"27":{"start":{"line":53,"column":4},"end":{"line":57,"column":55}},"28":{"start":{"line":59,"column":4},"end":{"line":59,"column":22}},"29":{"start":{"line":61,"column":4},"end":{"line":61,"column":77}},"30":{"start":{"line":62,"column":4},"end":{"line":62,"column":20}},"31":{"start":{"line":64,"column":4},"end":{"line":68,"column":37}},"32":{"start":{"line":70,"column":4},"end":{"line":70,"column":22}},"33":{"start":{"line":72,"column":4},"end":{"line":75,"column":28}},"34":{"start":{"line":77,"column":4},"end":{"line":77,"column":48}},"35":{"start":{"line":78,"column":4},"end":{"line":78,"column":60}},"36":{"start":{"line":78,"column":26},"end":{"line":78,"column":60}},"37":{"start":{"line":79,"column":4},"end":{"line":79,"column":67}},"38":{"start":{"line":79,"column":26},"end":{"line":79,"column":67}},"39":{"start":{"line":80,"column":4},"end":{"line":80,"column":65}},"40":{"start":{"line":80,"column":26},"end":{"line":80,"column":65}},"41":{"start":{"line":82,"column":4},"end":{"line":82,"column":20}},"42":{"start":{"line":84,"column":4},"end":{"line":84,"column":77}},"43":{"start":{"line":85,"column":4},"end":{"line":85,"column":20}},"44":{"start":{"line":87,"column":4},"end":{"line":91,"column":33}},"45":{"start":{"line":93,"column":4},"end":{"line":93,"column":22}},"46":{"start":{"line":95,"column":4},"end":{"line":98,"column":28}},"47":{"start":{"line":100,"column":4},"end":{"line":100,"column":39}},"48":{"start":{"line":101,"column":4},"end":{"line":101,"column":67}},"49":{"start":{"line":101,"column":29},"end":{"line":101,"column":67}},"50":{"start":{"line":102,"column":4},"end":{"line":102,"column":69}},"51":{"start":{"line":102,"column":29},"end":{"line":102,"column":69}},"52":{"start":{"line":103,"column":4},"end":{"line":103,"column":143}},"53":{"start":{"line":103,"column":29},"end":{"line":103,"column":143}},"54":{"start":{"line":104,"column":4},"end":{"line":104,"column":62}},"55":{"start":{"line":104,"column":29},"end":{"line":104,"column":62}},"56":{"start":{"line":105,"column":4},"end":{"line":105,"column":71}},"57":{"start":{"line":105,"column":29},"end":{"line":105,"column":71}},"58":{"start":{"line":106,"column":4},"end":{"line":106,"column":82}},"59":{"start":{"line":106,"column":30},"end":{"line":106,"column":82}},"60":{"start":{"line":108,"column":4},"end":{"line":108,"column":20}},"61":{"start":{"line":110,"column":4},"end":{"line":110,"column":77}},"62":{"start":{"line":111,"column":4},"end":{"line":111,"column":20}},"63":{"start":{"line":113,"column":4},"end":{"line":117,"column":32}},"64":{"start":{"line":119,"column":4},"end":{"line":119,"column":22}},"65":{"start":{"line":121,"column":4},"end":{"line":136,"column":5}},"66":{"start":{"line":122,"column":6},"end":{"line":129,"column":11}},"67":{"start":{"line":131,"column":6},"end":{"line":135,"column":54}},"68":{"start":{"line":138,"column":4},"end":{"line":138,"column":20}},"69":{"start":{"line":140,"column":4},"end":{"line":140,"column":77}},"70":{"start":{"line":141,"column":4},"end":{"line":141,"column":22}},"71":{"start":{"line":143,"column":4},"end":{"line":150,"column":8}},"72":{"start":{"line":152,"column":4},"end":{"line":152,"column":14}},"73":{"start":{"line":154,"column":16},"end":{"line":154,"column":24}},"74":{"start":{"line":158,"column":2},"end":{"line":170,"column":26}},"75":{"start":{"line":159,"column":23},"end":{"line":159,"column":88}},"76":{"start":{"line":160,"column":4},"end":{"line":162,"column":5}},"77":{"start":{"line":161,"column":6},"end":{"line":161,"column":75}},"78":{"start":{"line":164,"column":21},"end":{"line":164,"column":59}},"79":{"start":{"line":165,"column":4},"end":{"line":167,"column":5}},"80":{"start":{"line":166,"column":6},"end":{"line":166,"column":86}},"81":{"start":{"line":169,"column":4},"end":{"line":169,"column":60}},"82":{"start":{"line":170,"column":16},"end":{"line":170,"column":24}},"83":{"start":{"line":173,"column":0},"end":{"line":173,"column":72}}},"fnMap":{"0":{"name":"buscar","decl":{"start":{"line":7,"column":15},"end":{"line":7,"column":21}},"loc":{"start":{"line":7,"column":38},"end":{"line":12,"column":1}},"line":7},"1":{"name":"salvar","decl":{"start":{"line":14,"column":15},"end":{"line":14,"column":21}},"loc":{"start":{"line":14,"column":38},"end":{"line":25,"column":1}},"line":14},"2":{"name":"downloadEvolucao","decl":{"start":{"line":27,"column":15},"end":{"line":27,"column":31}},"loc":{"start":{"line":27,"column":48},"end":{"line":155,"column":1}},"line":27},"3":{"name":"downloadContrato","decl":{"start":{"line":157,"column":15},"end":{"line":157,"column":31}},"loc":{"start":{"line":157,"column":48},"end":{"line":171,"column":1}},"line":157}},"branchMap":{"0":{"loc":{"start":{"line":10,"column":32},"end":{"line":10,"column":48}},"type":"binary-expr","locations":[{"start":{"line":10,"column":32},"end":{"line":10,"column":42}},{"start":{"line":10,"column":46},"end":{"line":10,"column":48}}],"line":10},"1":{"loc":{"start":{"line":17,"column":26},"end":{"line":17,"column":57}},"type":"cond-expr","locations":[{"start":{"line":17,"column":37},"end":{"line":17,"column":50}},{"start":{"line":17,"column":53},"end":{"line":17,"column":57}}],"line":17},"2":{"loc":{"start":{"line":18,"column":26},"end":{"line":18,"column":65}},"type":"cond-expr","locations":[{"start":{"line":18,"column":37},"end":{"line":18,"column":58}},{"start":{"line":18,"column":61},"end":{"line":18,"column":65}}],"line":18},"3":{"loc":{"start":{"line":35,"column":4},"end":{"line":35,"column":88}},"type":"if","locations":[{"start":{"line":35,"column":4},"end":{"line":35,"column":88}},{"start":{},"end":{}}],"line":35},"4":{"loc":{"start":{"line":77,"column":22},"end":{"line":77,"column":44}},"type":"binary-expr","locations":[{"start":{"line":77,"column":22},"end":{"line":77,"column":37}},{"start":{"line":77,"column":41},"end":{"line":77,"column":44}}],"line":77},"5":{"loc":{"start":{"line":78,"column":4},"end":{"line":78,"column":60}},"type":"if","locations":[{"start":{"line":78,"column":4},"end":{"line":78,"column":60}},{"start":{},"end":{}}],"line":78},"6":{"loc":{"start":{"line":79,"column":4},"end":{"line":79,"column":67}},"type":"if","locations":[{"start":{"line":79,"column":4},"end":{"line":79,"column":67}},{"start":{},"end":{}}],"line":79},"7":{"loc":{"start":{"line":80,"column":4},"end":{"line":80,"column":65}},"type":"if","locations":[{"start":{"line":80,"column":4},"end":{"line":80,"column":65}},{"start":{},"end":{}}],"line":80},"8":{"loc":{"start":{"line":101,"column":4},"end":{"line":101,"column":67}},"type":"if","locations":[{"start":{"line":101,"column":4},"end":{"line":101,"column":67}},{"start":{},"end":{}}],"line":101},"9":{"loc":{"start":{"line":102,"column":4},"end":{"line":102,"column":69}},"type":"if","locations":[{"start":{"line":102,"column":4},"end":{"line":102,"column":69}},{"start":{},"end":{}}],"line":102},"10":{"loc":{"start":{"line":103,"column":4},"end":{"line":103,"column":143}},"type":"if","locations":[{"start":{"line":103,"column":4},"end":{"line":103,"column":143}},{"start":{},"end":{}}],"line":103},"11":{"loc":{"start":{"line":104,"column":4},"end":{"line":104,"column":62}},"type":"if","locations":[{"start":{"line":104,"column":4},"end":{"line":104,"column":62}},{"start":{},"end":{}}],"line":104},"12":{"loc":{"start":{"line":105,"column":4},"end":{"line":105,"column":71}},"type":"if","locations":[{"start":{"line":105,"column":4},"end":{"line":105,"column":71}},{"start":{},"end":{}}],"line":105},"13":{"loc":{"start":{"line":106,"column":4},"end":{"line":106,"column":82}},"type":"if","locations":[{"start":{"line":106,"column":4},"end":{"line":106,"column":82}},{"start":{},"end":{}}],"line":106},"14":{"loc":{"start":{"line":121,"column":4},"end":{"line":136,"column":5}},"type":"if","locations":[{"start":{"line":121,"column":4},"end":{"line":136,"column":5}},{"start":{"line":130,"column":11},"end":{"line":136,"column":5}}],"line":121},"15":{"loc":{"start":{"line":160,"column":4},"end":{"line":162,"column":5}},"type":"if","locations":[{"start":{"line":160,"column":4},"end":{"line":162,"column":5}},{"start":{},"end":{}}],"line":160},"16":{"loc":{"start":{"line":160,"column":8},"end":{"line":160,"column":48}},"type":"binary-expr","locations":[{"start":{"line":160,"column":8},"end":{"line":160,"column":19}},{"start":{"line":160,"column":23},"end":{"line":160,"column":48}}],"line":160},"17":{"loc":{"start":{"line":165,"column":4},"end":{"line":167,"column":5}},"type":"if","locations":[{"start":{"line":165,"column":4},"end":{"line":167,"column":5}},{"start":{},"end":{}}],"line":165}},"s":{"0":6,"1":6,"2":6,"3":6,"4":6,"5":0,"6":0,"7":0,"8":0,"9":0,"10":0,"11":0,"12":0,"13":0,"14":0,"15":0,"16":0,"17":0,"18":0,"19":0,"20":0,"21":0,"22":0,"23":0,"24":0,"25":0,"26":0,"27":0,"28":0,"29":0,"30":0,"31":0,"32":0,"33":0,"34":0,"35":0,"36":0,"37":0,"38":0,"39":0,"40":0,"41":0,"42":0,"43":0,"44":0,"45":0,"46":0,"47":0,"48":0,"49":0,"50":0,"51":0,"52":0,"53":0,"54":0,"55":0,"56":0,"57":0,"58":0,"59":0,"60":0,"61":0,"62":0,"63":0,"64":0,"65":0,"66":0,"67":0,"68":0,"69":0,"70":0,"71":0,"72":0,"73":0,"74":0,"75":0,"76":0,"77":0,"78":0,"79":0,"80":0,"81":0,"82":0,"83":6},"f":{"0":0,"1":0,"2":0,"3":0},"b":{"0":[0,0],"1":[0,0],"2":[0,0],"3":[0,0],"4":[0,0],"5":[0,0],"6":[0,0],"7":[0,0],"8":[0,0],"9":[0,0],"10":[0,0],"11":[0,0],"12":[0,0],"13":[0,0],"14":[0,0],"15":[0,0],"16":[0,0],"17":[0,0]},"_coverageSchema":"1a1c01bbd47fc00a2c39e90264f33305004495a9","hash":"fc814b50e2ae68d3fcfc115ccaab33161a760784"}
,"/home/claude/v13/projeto/psiconnect/backend/src/controllers/reminderController.js": {"path":"/home/claude/v13/projeto/psiconnect/backend/src/controllers/reminderController.js","statementMap":{"0":{"start":{"line":2,"column":24},"end":{"line":2,"column":62}},"1":{"start":{"line":5,"column":2},"end":{"line":8,"column":32}},"2":{"start":{"line":6,"column":22},"end":{"line":6,"column":63}},"3":{"start":{"line":7,"column":4},"end":{"line":7,"column":43}},"4":{"start":{"line":8,"column":19},"end":{"line":8,"column":30}},"5":{"start":{"line":12,"column":2},"end":{"line":15,"column":32}},"6":{"start":{"line":13,"column":21},"end":{"line":13,"column":71}},"7":{"start":{"line":14,"column":4},"end":{"line":14,"column":75}},"8":{"start":{"line":15,"column":19},"end":{"line":15,"column":30}},"9":{"start":{"line":19,"column":2},"end":{"line":22,"column":32}},"10":{"start":{"line":20,"column":21},"end":{"line":20,"column":90}},"11":{"start":{"line":21,"column":4},"end":{"line":21,"column":79}},"12":{"start":{"line":22,"column":19},"end":{"line":22,"column":30}},"13":{"start":{"line":26,"column":2},"end":{"line":29,"column":32}},"14":{"start":{"line":27,"column":22},"end":{"line":27,"column":79}},"15":{"start":{"line":28,"column":4},"end":{"line":28,"column":43}},"16":{"start":{"line":29,"column":19},"end":{"line":29,"column":30}},"17":{"start":{"line":32,"column":0},"end":{"line":32,"column":50}}},"fnMap":{"0":{"name":"list","decl":{"start":{"line":4,"column":15},"end":{"line":4,"column":19}},"loc":{"start":{"line":4,"column":36},"end":{"line":9,"column":1}},"line":4},"1":{"name":"create","decl":{"start":{"line":11,"column":15},"end":{"line":11,"column":21}},"loc":{"start":{"line":11,"column":38},"end":{"line":16,"column":1}},"line":11},"2":{"name":"update","decl":{"start":{"line":18,"column":15},"end":{"line":18,"column":21}},"loc":{"start":{"line":18,"column":38},"end":{"line":23,"column":1}},"line":18},"3":{"name":"remove","decl":{"start":{"line":25,"column":15},"end":{"line":25,"column":21}},"loc":{"start":{"line":25,"column":38},"end":{"line":30,"column":1}},"line":25}},"branchMap":{},"s":{"0":6,"1":0,"2":0,"3":0,"4":0,"5":0,"6":0,"7":0,"8":0,"9":0,"10":0,"11":0,"12":0,"13":0,"14":0,"15":0,"16":0,"17":6},"f":{"0":0,"1":0,"2":0,"3":0},"b":{},"_coverageSchema":"1a1c01bbd47fc00a2c39e90264f33305004495a9","hash":"7060603678d4496e1692ec94cfca1298eb7b0d74"}
,"/home/claude/v13/projeto/psiconnect/backend/src/controllers/resetController.js": {"path":"/home/claude/v13/projeto/psiconnect/backend/src/controllers/resetController.js","statementMap":{"0":{"start":{"line":1,"column":24},"end":{"line":1,"column":43}},"1":{"start":{"line":2,"column":24},"end":{"line":2,"column":54}},"2":{"start":{"line":3,"column":24},"end":{"line":3,"column":60}},"3":{"start":{"line":4,"column":24},"end":{"line":4,"column":59}},"4":{"start":{"line":7,"column":2},"end":{"line":26,"column":3}},"5":{"start":{"line":8,"column":22},"end":{"line":8,"column":30}},"6":{"start":{"line":9,"column":4},"end":{"line":9,"column":82}},"7":{"start":{"line":9,"column":16},"end":{"line":9,"column":82}},"8":{"start":{"line":11,"column":20},"end":{"line":11,"column":54}},"9":{"start":{"line":14,"column":4},"end":{"line":16,"column":5}},"10":{"start":{"line":15,"column":6},"end":{"line":15,"column":123}},"11":{"start":{"line":18,"column":18},"end":{"line":18,"column":57}},"12":{"start":{"line":19,"column":4},"end":{"line":19,"column":76}},"13":{"start":{"line":21,"column":4},"end":{"line":21,"column":121}},"14":{"start":{"line":23,"column":20},"end":{"line":23,"column":49}},"15":{"start":{"line":24,"column":4},"end":{"line":24,"column":77}},"16":{"start":{"line":25,"column":4},"end":{"line":25,"column":90}},"17":{"start":{"line":30,"column":2},"end":{"line":38,"column":26}},"18":{"start":{"line":31,"column":22},"end":{"line":31,"column":31}},"19":{"start":{"line":32,"column":4},"end":{"line":32,"column":76}},"20":{"start":{"line":32,"column":16},"end":{"line":32,"column":76}},"21":{"start":{"line":34,"column":21},"end":{"line":34,"column":56}},"22":{"start":{"line":35,"column":4},"end":{"line":35,"column":90}},"23":{"start":{"line":35,"column":19},"end":{"line":35,"column":90}},"24":{"start":{"line":37,"column":4},"end":{"line":37,"column":62}},"25":{"start":{"line":38,"column":16},"end":{"line":38,"column":24}},"26":{"start":{"line":42,"column":2},"end":{"line":63,"column":26}},"27":{"start":{"line":43,"column":33},"end":{"line":43,"column":41}},"28":{"start":{"line":45,"column":4},"end":{"line":47,"column":5}},"29":{"start":{"line":46,"column":6},"end":{"line":46,"column":87}},"30":{"start":{"line":48,"column":4},"end":{"line":50,"column":5}},"31":{"start":{"line":49,"column":6},"end":{"line":49,"column":88}},"32":{"start":{"line":51,"column":4},"end":{"line":53,"column":5}},"33":{"start":{"line":52,"column":6},"end":{"line":52,"column":100}},"34":{"start":{"line":55,"column":21},"end":{"line":55,"column":56}},"35":{"start":{"line":56,"column":4},"end":{"line":56,"column":90}},"36":{"start":{"line":56,"column":19},"end":{"line":56,"column":90}},"37":{"start":{"line":58,"column":17},"end":{"line":58,"column":49}},"38":{"start":{"line":59,"column":4},"end":{"line":59,"column":59}},"39":{"start":{"line":60,"column":4},"end":{"line":60,"column":45}},"40":{"start":{"line":62,"column":4},"end":{"line":62,"column":78}},"41":{"start":{"line":63,"column":16},"end":{"line":63,"column":24}},"42":{"start":{"line":66,"column":0},"end":{"line":66,"column":66}}},"fnMap":{"0":{"name":"solicitarReset","decl":{"start":{"line":6,"column":15},"end":{"line":6,"column":29}},"loc":{"start":{"line":6,"column":46},"end":{"line":27,"column":1}},"line":6},"1":{"name":"validarToken","decl":{"start":{"line":29,"column":15},"end":{"line":29,"column":27}},"loc":{"start":{"line":29,"column":44},"end":{"line":39,"column":1}},"line":29},"2":{"name":"redefinirSenha","decl":{"start":{"line":41,"column":15},"end":{"line":41,"column":29}},"loc":{"start":{"line":41,"column":46},"end":{"line":64,"column":1}},"line":41}},"branchMap":{"0":{"loc":{"start":{"line":9,"column":4},"end":{"line":9,"column":82}},"type":"if","locations":[{"start":{"line":9,"column":4},"end":{"line":9,"column":82}},{"start":{},"end":{}}],"line":9},"1":{"loc":{"start":{"line":14,"column":4},"end":{"line":16,"column":5}},"type":"if","locations":[{"start":{"line":14,"column":4},"end":{"line":16,"column":5}},{"start":{},"end":{}}],"line":14},"2":{"loc":{"start":{"line":23,"column":20},"end":{"line":23,"column":49}},"type":"binary-expr","locations":[{"start":{"line":23,"column":20},"end":{"line":23,"column":36}},{"start":{"line":23,"column":40},"end":{"line":23,"column":49}}],"line":23},"3":{"loc":{"start":{"line":32,"column":4},"end":{"line":32,"column":76}},"type":"if","locations":[{"start":{"line":32,"column":4},"end":{"line":32,"column":76}},{"start":{},"end":{}}],"line":32},"4":{"loc":{"start":{"line":35,"column":4},"end":{"line":35,"column":90}},"type":"if","locations":[{"start":{"line":35,"column":4},"end":{"line":35,"column":90}},{"start":{},"end":{}}],"line":35},"5":{"loc":{"start":{"line":45,"column":4},"end":{"line":47,"column":5}},"type":"if","locations":[{"start":{"line":45,"column":4},"end":{"line":47,"column":5}},{"start":{},"end":{}}],"line":45},"6":{"loc":{"start":{"line":45,"column":8},"end":{"line":45,"column":28}},"type":"binary-expr","locations":[{"start":{"line":45,"column":8},"end":{"line":45,"column":14}},{"start":{"line":45,"column":18},"end":{"line":45,"column":28}}],"line":45},"7":{"loc":{"start":{"line":48,"column":4},"end":{"line":50,"column":5}},"type":"if","locations":[{"start":{"line":48,"column":4},"end":{"line":50,"column":5}},{"start":{},"end":{}}],"line":48},"8":{"loc":{"start":{"line":51,"column":4},"end":{"line":53,"column":5}},"type":"if","locations":[{"start":{"line":51,"column":4},"end":{"line":53,"column":5}},{"start":{},"end":{}}],"line":51},"9":{"loc":{"start":{"line":56,"column":4},"end":{"line":56,"column":90}},"type":"if","locations":[{"start":{"line":56,"column":4},"end":{"line":56,"column":90}},{"start":{},"end":{}}],"line":56}},"s":{"0":6,"1":6,"2":6,"3":6,"4":0,"5":0,"6":0,"7":0,"8":0,"9":0,"10":0,"11":0,"12":0,"13":0,"14":0,"15":0,"16":0,"17":0,"18":0,"19":0,"20":0,"21":0,"22":0,"23":0,"24":0,"25":0,"26":0,"27":0,"28":0,"29":0,"30":0,"31":0,"32":0,"33":0,"34":0,"35":0,"36":0,"37":0,"38":0,"39":0,"40":0,"41":0,"42":6},"f":{"0":0,"1":0,"2":0},"b":{"0":[0,0],"1":[0,0],"2":[0,0],"3":[0,0],"4":[0,0],"5":[0,0],"6":[0,0],"7":[0,0],"8":[0,0],"9":[0,0]},"_coverageSchema":"1a1c01bbd47fc00a2c39e90264f33305004495a9","hash":"259a23d841c4afdbce8ecfe24ffa13dac24cc2cb"}
,"/home/claude/v13/projeto/psiconnect/backend/src/controllers/tarefaController.js": {"path":"/home/claude/v13/projeto/psiconnect/backend/src/controllers/tarefaController.js","statementMap":{"0":{"start":{"line":1,"column":22},"end":{"line":1,"column":58}},"1":{"start":{"line":4,"column":2},"end":{"line":7,"column":26}},"2":{"start":{"line":5,"column":20},"end":{"line":5,"column":68}},"3":{"start":{"line":6,"column":4},"end":{"line":6,"column":41}},"4":{"start":{"line":7,"column":16},"end":{"line":7,"column":24}},"5":{"start":{"line":11,"column":2},"end":{"line":14,"column":26}},"6":{"start":{"line":12,"column":14},"end":{"line":12,"column":73}},"7":{"start":{"line":13,"column":4},"end":{"line":13,"column":77}},"8":{"start":{"line":14,"column":16},"end":{"line":14,"column":24}},"9":{"start":{"line":18,"column":2},"end":{"line":21,"column":26}},"10":{"start":{"line":19,"column":14},"end":{"line":19,"column":69}},"11":{"start":{"line":20,"column":4},"end":{"line":20,"column":35}},"12":{"start":{"line":21,"column":16},"end":{"line":21,"column":24}},"13":{"start":{"line":25,"column":2},"end":{"line":29,"column":26}},"14":{"start":{"line":26,"column":4},"end":{"line":26,"column":60}},"15":{"start":{"line":27,"column":20},"end":{"line":27,"column":68}},"16":{"start":{"line":28,"column":4},"end":{"line":28,"column":41}},"17":{"start":{"line":29,"column":16},"end":{"line":29,"column":24}},"18":{"start":{"line":32,"column":0},"end":{"line":32,"column":61}}},"fnMap":{"0":{"name":"listar","decl":{"start":{"line":3,"column":15},"end":{"line":3,"column":21}},"loc":{"start":{"line":3,"column":38},"end":{"line":8,"column":1}},"line":3},"1":{"name":"marcarFeita","decl":{"start":{"line":10,"column":15},"end":{"line":10,"column":26}},"loc":{"start":{"line":10,"column":43},"end":{"line":15,"column":1}},"line":10},"2":{"name":"remover","decl":{"start":{"line":17,"column":15},"end":{"line":17,"column":22}},"loc":{"start":{"line":17,"column":39},"end":{"line":22,"column":1}},"line":17},"3":{"name":"verificar","decl":{"start":{"line":24,"column":15},"end":{"line":24,"column":24}},"loc":{"start":{"line":24,"column":41},"end":{"line":30,"column":1}},"line":24}},"branchMap":{},"s":{"0":6,"1":0,"2":0,"3":0,"4":0,"5":0,"6":0,"7":0,"8":0,"9":0,"10":0,"11":0,"12":0,"13":0,"14":0,"15":0,"16":0,"17":0,"18":6},"f":{"0":0,"1":0,"2":0,"3":0},"b":{},"_coverageSchema":"1a1c01bbd47fc00a2c39e90264f33305004495a9","hash":"fd31f9730240ba631572edc42787315e0c43189e"}
,"/home/claude/v13/projeto/psiconnect/backend/src/middlewares/authMiddleware.js": {"path":"/home/claude/v13/projeto/psiconnect/backend/src/middlewares/authMiddleware.js","statementMap":{"0":{"start":{"line":2,"column":24},"end":{"line":2,"column":52}},"1":{"start":{"line":5,"column":21},"end":{"line":5,"column":46}},"2":{"start":{"line":7,"column":2},"end":{"line":9,"column":3}},"3":{"start":{"line":8,"column":4},"end":{"line":8,"column":84}},"4":{"start":{"line":11,"column":16},"end":{"line":11,"column":40}},"5":{"start":{"line":13,"column":2},"end":{"line":21,"column":3}},"6":{"start":{"line":14,"column":27},"end":{"line":14,"column":45}},"7":{"start":{"line":16,"column":4},"end":{"line":16,"column":30}},"8":{"start":{"line":18,"column":4},"end":{"line":18,"column":11}},"9":{"start":{"line":20,"column":4},"end":{"line":20,"column":98}},"10":{"start":{"line":24,"column":0},"end":{"line":24,"column":32}}},"fnMap":{"0":{"name":"authMiddleware","decl":{"start":{"line":4,"column":9},"end":{"line":4,"column":23}},"loc":{"start":{"line":4,"column":40},"end":{"line":22,"column":1}},"line":4}},"branchMap":{"0":{"loc":{"start":{"line":7,"column":2},"end":{"line":9,"column":3}},"type":"if","locations":[{"start":{"line":7,"column":2},"end":{"line":9,"column":3}},{"start":{},"end":{}}],"line":7},"1":{"loc":{"start":{"line":7,"column":6},"end":{"line":7,"column":54}},"type":"binary-expr","locations":[{"start":{"line":7,"column":6},"end":{"line":7,"column":17}},{"start":{"line":7,"column":21},"end":{"line":7,"column":54}}],"line":7}},"s":{"0":6,"1":20,"2":20,"3":13,"4":7,"5":7,"6":7,"7":0,"8":0,"9":7,"10":6},"f":{"0":20},"b":{"0":[13,7],"1":[20,7]},"_coverageSchema":"1a1c01bbd47fc00a2c39e90264f33305004495a9","hash":"3415e8bf571cd438088d9b5608171f9717cc733f"}
,"/home/claude/v13/projeto/psiconnect/backend/src/middlewares/errorMiddleware.js": {"path":"/home/claude/v13/projeto/psiconnect/backend/src/middlewares/errorMiddleware.js","statementMap":{"0":{"start":{"line":2,"column":2},"end":{"line":2,"column":51}},"1":{"start":{"line":3,"column":2},"end":{"line":3,"column":27}},"2":{"start":{"line":5,"column":18},"end":{"line":5,"column":36}},"3":{"start":{"line":6,"column":18},"end":{"line":6,"column":60}},"4":{"start":{"line":8,"column":2},"end":{"line":10,"column":3}},"5":{"start":{"line":9,"column":4},"end":{"line":9,"column":94}},"6":{"start":{"line":12,"column":2},"end":{"line":12,"column":39}},"7":{"start":{"line":15,"column":0},"end":{"line":15,"column":33}}},"fnMap":{"0":{"name":"errorMiddleware","decl":{"start":{"line":1,"column":9},"end":{"line":1,"column":24}},"loc":{"start":{"line":1,"column":46},"end":{"line":13,"column":1}},"line":1}},"branchMap":{"0":{"loc":{"start":{"line":5,"column":18},"end":{"line":5,"column":36}},"type":"binary-expr","locations":[{"start":{"line":5,"column":18},"end":{"line":5,"column":28}},{"start":{"line":5,"column":33},"end":{"line":5,"column":36}}],"line":5},"1":{"loc":{"start":{"line":6,"column":18},"end":{"line":6,"column":60}},"type":"binary-expr","locations":[{"start":{"line":6,"column":18},"end":{"line":6,"column":29}},{"start":{"line":6,"column":33},"end":{"line":6,"column":60}}],"line":6},"2":{"loc":{"start":{"line":8,"column":2},"end":{"line":10,"column":3}},"type":"if","locations":[{"start":{"line":8,"column":2},"end":{"line":10,"column":3}},{"start":{},"end":{}}],"line":8}},"s":{"0":0,"1":0,"2":0,"3":0,"4":0,"5":0,"6":0,"7":6},"f":{"0":0},"b":{"0":[0,0],"1":[0,0],"2":[0,0]},"_coverageSchema":"1a1c01bbd47fc00a2c39e90264f33305004495a9","hash":"b1e855336f44fbaa1ad7ff4cbd4fb500b81f3d65"}
,"/home/claude/v13/projeto/psiconnect/backend/src/middlewares/rateLimitMiddleware.js": {"path":"/home/claude/v13/projeto/psiconnect/backend/src/middlewares/rateLimitMiddleware.js","statementMap":{"0":{"start":{"line":1,"column":18},"end":{"line":1,"column":47}},"1":{"start":{"line":3,"column":19},"end":{"line":9,"column":2}},"2":{"start":{"line":11,"column":17},"end":{"line":17,"column":2}},"3":{"start":{"line":19,"column":0},"end":{"line":19,"column":42}}},"fnMap":{},"branchMap":{},"s":{"0":6,"1":6,"2":6,"3":6},"f":{},"b":{},"_coverageSchema":"1a1c01bbd47fc00a2c39e90264f33305004495a9","hash":"029fe018671de664749be958f51826c027ca4a67"}
,"/home/claude/v13/projeto/psiconnect/backend/src/middlewares/sanitizeMiddleware.js": {"path":"/home/claude/v13/projeto/psiconnect/backend/src/middlewares/sanitizeMiddleware.js","statementMap":{"0":{"start":{"line":2,"column":2},"end":{"line":2,"column":42}},"1":{"start":{"line":2,"column":31},"end":{"line":2,"column":42}},"2":{"start":{"line":3,"column":2},"end":{"line":6,"column":26}},"3":{"start":{"line":10,"column":2},"end":{"line":10,"column":50}},"4":{"start":{"line":10,"column":39},"end":{"line":10,"column":50}},"5":{"start":{"line":11,"column":16},"end":{"line":11,"column":18}},"6":{"start":{"line":12,"column":2},"end":{"line":15,"column":3}},"7":{"start":{"line":13,"column":16},"end":{"line":13,"column":24}},"8":{"start":{"line":14,"column":4},"end":{"line":14,"column":69}},"9":{"start":{"line":16,"column":2},"end":{"line":16,"column":15}},"10":{"start":{"line":20,"column":2},"end":{"line":20,"column":52}},"11":{"start":{"line":20,"column":16},"end":{"line":20,"column":52}},"12":{"start":{"line":21,"column":2},"end":{"line":21,"column":9}},"13":{"start":{"line":24,"column":0},"end":{"line":24,"column":26}}},"fnMap":{"0":{"name":"sanitizeString","decl":{"start":{"line":1,"column":9},"end":{"line":1,"column":23}},"loc":{"start":{"line":1,"column":29},"end":{"line":7,"column":1}},"line":1},"1":{"name":"sanitizeObject","decl":{"start":{"line":9,"column":9},"end":{"line":9,"column":23}},"loc":{"start":{"line":9,"column":29},"end":{"line":17,"column":1}},"line":9},"2":{"name":"sanitize","decl":{"start":{"line":19,"column":9},"end":{"line":19,"column":17}},"loc":{"start":{"line":19,"column":34},"end":{"line":22,"column":1}},"line":19}},"branchMap":{"0":{"loc":{"start":{"line":2,"column":2},"end":{"line":2,"column":42}},"type":"if","locations":[{"start":{"line":2,"column":2},"end":{"line":2,"column":42}},{"start":{},"end":{}}],"line":2},"1":{"loc":{"start":{"line":10,"column":2},"end":{"line":10,"column":50}},"type":"if","locations":[{"start":{"line":10,"column":2},"end":{"line":10,"column":50}},{"start":{},"end":{}}],"line":10},"2":{"loc":{"start":{"line":10,"column":6},"end":{"line":10,"column":37}},"type":"binary-expr","locations":[{"start":{"line":10,"column":6},"end":{"line":10,"column":10}},{"start":{"line":10,"column":14},"end":{"line":10,"column":37}}],"line":10},"3":{"loc":{"start":{"line":14,"column":17},"end":{"line":14,"column":68}},"type":"cond-expr","locations":[{"start":{"line":14,"column":43},"end":{"line":14,"column":62}},{"start":{"line":14,"column":65},"end":{"line":14,"column":68}}],"line":14},"4":{"loc":{"start":{"line":20,"column":2},"end":{"line":20,"column":52}},"type":"if","locations":[{"start":{"line":20,"column":2},"end":{"line":20,"column":52}},{"start":{},"end":{}}],"line":20}},"s":{"0":22,"1":0,"2":22,"3":29,"4":0,"5":29,"6":29,"7":24,"8":24,"9":29,"10":29,"11":29,"12":29,"13":7},"f":{"0":22,"1":29,"2":29},"b":{"0":[0,22],"1":[0,29],"2":[29,29],"3":[22,2],"4":[29,0]},"_coverageSchema":"1a1c01bbd47fc00a2c39e90264f33305004495a9","hash":"df504ae3c629b38a7a990c5f80213f41dbddce53"}
,"/home/claude/v13/projeto/psiconnect/backend/src/middlewares/validateMiddleware.js": {"path":"/home/claude/v13/projeto/psiconnect/backend/src/middlewares/validateMiddleware.js","statementMap":{"0":{"start":{"line":1,"column":12},"end":{"line":1,"column":26}},"1":{"start":{"line":4,"column":2},"end":{"line":11,"column":4}},"2":{"start":{"line":5,"column":22},"end":{"line":5,"column":70}},"3":{"start":{"line":6,"column":4},"end":{"line":9,"column":5}},"4":{"start":{"line":7,"column":24},"end":{"line":7,"column":57}},"5":{"start":{"line":7,"column":47},"end":{"line":7,"column":56}},"6":{"start":{"line":8,"column":6},"end":{"line":8,"column":69}},"7":{"start":{"line":10,"column":4},"end":{"line":10,"column":11}},"8":{"start":{"line":15,"column":2},"end":{"line":15,"column":24}},"9":{"start":{"line":15,"column":12},"end":{"line":15,"column":24}},"10":{"start":{"line":16,"column":15},"end":{"line":16,"column":37}},"11":{"start":{"line":17,"column":2},"end":{"line":17,"column":39}},"12":{"start":{"line":17,"column":26},"end":{"line":17,"column":39}},"13":{"start":{"line":18,"column":2},"end":{"line":18,"column":43}},"14":{"start":{"line":18,"column":30},"end":{"line":18,"column":43}},"15":{"start":{"line":19,"column":13},"end":{"line":19,"column":14}},"16":{"start":{"line":20,"column":2},"end":{"line":20,"column":67}},"17":{"start":{"line":20,"column":15},"end":{"line":20,"column":16}},"18":{"start":{"line":20,"column":30},"end":{"line":20,"column":67}},"19":{"start":{"line":21,"column":14},"end":{"line":21,"column":30}},"20":{"start":{"line":22,"column":2},"end":{"line":22,"column":46}},"21":{"start":{"line":22,"column":36},"end":{"line":22,"column":46}},"22":{"start":{"line":23,"column":2},"end":{"line":23,"column":48}},"23":{"start":{"line":23,"column":35},"end":{"line":23,"column":48}},"24":{"start":{"line":24,"column":2},"end":{"line":24,"column":11}},"25":{"start":{"line":25,"column":2},"end":{"line":25,"column":68}},"26":{"start":{"line":25,"column":15},"end":{"line":25,"column":16}},"27":{"start":{"line":25,"column":31},"end":{"line":25,"column":68}},"28":{"start":{"line":26,"column":2},"end":{"line":26,"column":27}},"29":{"start":{"line":27,"column":2},"end":{"line":27,"column":46}},"30":{"start":{"line":27,"column":36},"end":{"line":27,"column":46}},"31":{"start":{"line":28,"column":2},"end":{"line":28,"column":38}},"32":{"start":{"line":31,"column":16},"end":{"line":141,"column":1}},"33":{"start":{"line":100,"column":8},"end":{"line":100,"column":29}},"34":{"start":{"line":100,"column":18},"end":{"line":100,"column":29}},"35":{"start":{"line":101,"column":8},"end":{"line":101,"column":66}},"36":{"start":{"line":101,"column":30},"end":{"line":101,"column":66}},"37":{"start":{"line":102,"column":8},"end":{"line":102,"column":19}},"38":{"start":{"line":144,"column":0},"end":{"line":152,"column":3}},"39":{"start":{"line":144,"column":27},"end":{"line":152,"column":2}},"40":{"start":{"line":154,"column":0},"end":{"line":154,"column":39}}},"fnMap":{"0":{"name":"validate","decl":{"start":{"line":3,"column":9},"end":{"line":3,"column":17}},"loc":{"start":{"line":3,"column":26},"end":{"line":12,"column":1}},"line":3},"1":{"name":"(anonymous_1)","decl":{"start":{"line":4,"column":9},"end":{"line":4,"column":10}},"loc":{"start":{"line":4,"column":29},"end":{"line":11,"column":3}},"line":4},"2":{"name":"(anonymous_2)","decl":{"start":{"line":7,"column":42},"end":{"line":7,"column":43}},"loc":{"start":{"line":7,"column":47},"end":{"line":7,"column":56}},"line":7},"3":{"name":"validarCPF","decl":{"start":{"line":14,"column":9},"end":{"line":14,"column":19}},"loc":{"start":{"line":14,"column":25},"end":{"line":29,"column":1}},"line":14},"4":{"name":"(anonymous_4)","decl":{"start":{"line":99,"column":14},"end":{"line":99,"column":15}},"loc":{"start":{"line":99,"column":32},"end":{"line":103,"column":7}},"line":99},"5":{"name":"(anonymous_5)","decl":{"start":{"line":144,"column":15},"end":{"line":144,"column":16}},"loc":{"start":{"line":144,"column":27},"end":{"line":152,"column":2}},"line":144}},"branchMap":{"0":{"loc":{"start":{"line":6,"column":4},"end":{"line":9,"column":5}},"type":"if","locations":[{"start":{"line":6,"column":4},"end":{"line":9,"column":5}},{"start":{},"end":{}}],"line":6},"1":{"loc":{"start":{"line":15,"column":2},"end":{"line":15,"column":24}},"type":"if","locations":[{"start":{"line":15,"column":2},"end":{"line":15,"column":24}},{"start":{},"end":{}}],"line":15},"2":{"loc":{"start":{"line":17,"column":2},"end":{"line":17,"column":39}},"type":"if","locations":[{"start":{"line":17,"column":2},"end":{"line":17,"column":39}},{"start":{},"end":{}}],"line":17},"3":{"loc":{"start":{"line":18,"column":2},"end":{"line":18,"column":43}},"type":"if","locations":[{"start":{"line":18,"column":2},"end":{"line":18,"column":43}},{"start":{},"end":{}}],"line":18},"4":{"loc":{"start":{"line":22,"column":2},"end":{"line":22,"column":46}},"type":"if","locations":[{"start":{"line":22,"column":2},"end":{"line":22,"column":46}},{"start":{},"end":{}}],"line":22},"5":{"loc":{"start":{"line":22,"column":6},"end":{"line":22,"column":34}},"type":"binary-expr","locations":[{"start":{"line":22,"column":6},"end":{"line":22,"column":18}},{"start":{"line":22,"column":22},"end":{"line":22,"column":34}}],"line":22},"6":{"loc":{"start":{"line":23,"column":2},"end":{"line":23,"column":48}},"type":"if","locations":[{"start":{"line":23,"column":2},"end":{"line":23,"column":48}},{"start":{},"end":{}}],"line":23},"7":{"loc":{"start":{"line":27,"column":2},"end":{"line":27,"column":46}},"type":"if","locations":[{"start":{"line":27,"column":2},"end":{"line":27,"column":46}},{"start":{},"end":{}}],"line":27},"8":{"loc":{"start":{"line":27,"column":6},"end":{"line":27,"column":34}},"type":"binary-expr","locations":[{"start":{"line":27,"column":6},"end":{"line":27,"column":18}},{"start":{"line":27,"column":22},"end":{"line":27,"column":34}}],"line":27},"9":{"loc":{"start":{"line":100,"column":8},"end":{"line":100,"column":29}},"type":"if","locations":[{"start":{"line":100,"column":8},"end":{"line":100,"column":29}},{"start":{},"end":{}}],"line":100},"10":{"loc":{"start":{"line":101,"column":8},"end":{"line":101,"column":66}},"type":"if","locations":[{"start":{"line":101,"column":8},"end":{"line":101,"column":66}},{"start":{},"end":{}}],"line":101}},"s":{"0":7,"1":42,"2":5,"3":5,"4":5,"5":11,"6":5,"7":0,"8":0,"9":0,"10":0,"11":0,"12":0,"13":0,"14":0,"15":0,"16":0,"17":0,"18":0,"19":0,"20":0,"21":0,"22":0,"23":0,"24":0,"25":0,"26":0,"27":0,"28":0,"29":0,"30":0,"31":0,"32":7,"33":0,"34":0,"35":0,"36":0,"37":0,"38":7,"39":0,"40":7},"f":{"0":42,"1":5,"2":11,"3":0,"4":0,"5":0},"b":{"0":[5,0],"1":[0,0],"2":[0,0],"3":[0,0],"4":[0,0],"5":[0,0],"6":[0,0],"7":[0,0],"8":[0,0],"9":[0,0],"10":[0,0]},"_coverageSchema":"1a1c01bbd47fc00a2c39e90264f33305004495a9","hash":"12258776dacecfdbb90e47c1bb5fc8b36ac58ce7"}
,"/home/claude/v13/projeto/psiconnect/backend/src/models/appointmentModel.js": {"path":"/home/claude/v13/projeto/psiconnect/backend/src/models/appointmentModel.js","statementMap":{"0":{"start":{"line":1,"column":13},"end":{"line":1,"column":42}},"1":{"start":{"line":4,"column":14},"end":{"line":10,"column":3}},"2":{"start":{"line":11,"column":17},"end":{"line":11,"column":25}},"3":{"start":{"line":13,"column":2},"end":{"line":16,"column":3}},"4":{"start":{"line":14,"column":4},"end":{"line":14,"column":28}},"5":{"start":{"line":15,"column":4},"end":{"line":15,"column":56}},"6":{"start":{"line":17,"column":2},"end":{"line":20,"column":3}},"7":{"start":{"line":18,"column":4},"end":{"line":18,"column":39}},"8":{"start":{"line":19,"column":4},"end":{"line":19,"column":56}},"9":{"start":{"line":21,"column":2},"end":{"line":27,"column":3}},"10":{"start":{"line":22,"column":18},"end":{"line":22,"column":70}},"11":{"start":{"line":22,"column":45},"end":{"line":22,"column":53}},"12":{"start":{"line":23,"column":4},"end":{"line":26,"column":5}},"13":{"start":{"line":24,"column":6},"end":{"line":24,"column":25}},"14":{"start":{"line":25,"column":6},"end":{"line":25,"column":56}},"15":{"start":{"line":28,"column":2},"end":{"line":31,"column":3}},"16":{"start":{"line":29,"column":4},"end":{"line":29,"column":27}},"17":{"start":{"line":30,"column":4},"end":{"line":30,"column":53}},"18":{"start":{"line":33,"column":2},"end":{"line":33,"column":42}},"19":{"start":{"line":34,"column":12},"end":{"line":34,"column":43}},"20":{"start":{"line":35,"column":2},"end":{"line":35,"column":16}},"21":{"start":{"line":39,"column":12},"end":{"line":45,"column":3}},"22":{"start":{"line":46,"column":2},"end":{"line":46,"column":27}},"23":{"start":{"line":50,"column":12},"end":{"line":56,"column":3}},"24":{"start":{"line":57,"column":2},"end":{"line":57,"column":16}},"25":{"start":{"line":61,"column":12},"end":{"line":69,"column":3}},"26":{"start":{"line":70,"column":2},"end":{"line":70,"column":16}},"27":{"start":{"line":74,"column":12},"end":{"line":82,"column":3}},"28":{"start":{"line":83,"column":2},"end":{"line":83,"column":16}},"29":{"start":{"line":87,"column":12},"end":{"line":97,"column":3}},"30":{"start":{"line":98,"column":2},"end":{"line":98,"column":16}},"31":{"start":{"line":102,"column":12},"end":{"line":115,"column":3}},"32":{"start":{"line":116,"column":2},"end":{"line":116,"column":19}},"33":{"start":{"line":120,"column":12},"end":{"line":133,"column":3}},"34":{"start":{"line":134,"column":2},"end":{"line":134,"column":16}},"35":{"start":{"line":138,"column":12},"end":{"line":143,"column":3}},"36":{"start":{"line":144,"column":2},"end":{"line":144,"column":19}},"37":{"start":{"line":148,"column":12},"end":{"line":154,"column":3}},"38":{"start":{"line":155,"column":2},"end":{"line":155,"column":27}},"39":{"start":{"line":159,"column":15},"end":{"line":159,"column":36}},"40":{"start":{"line":160,"column":12},"end":{"line":168,"column":3}},"41":{"start":{"line":169,"column":2},"end":{"line":169,"column":16}},"42":{"start":{"line":173,"column":12},"end":{"line":176,"column":3}},"43":{"start":{"line":177,"column":2},"end":{"line":177,"column":27}},"44":{"start":{"line":181,"column":2},"end":{"line":181,"column":53}},"45":{"start":{"line":185,"column":12},"end":{"line":191,"column":3}},"46":{"start":{"line":192,"column":2},"end":{"line":192,"column":16}},"47":{"start":{"line":196,"column":2},"end":{"line":196,"column":98}},"48":{"start":{"line":199,"column":0},"end":{"line":204,"column":2}}},"fnMap":{"0":{"name":"findAll","decl":{"start":{"line":3,"column":15},"end":{"line":3,"column":22}},"loc":{"start":{"line":3,"column":71},"end":{"line":36,"column":1}},"line":3},"1":{"name":"(anonymous_1)","decl":{"start":{"line":22,"column":40},"end":{"line":22,"column":41}},"loc":{"start":{"line":22,"column":45},"end":{"line":22,"column":53}},"line":22},"2":{"name":"findById","decl":{"start":{"line":38,"column":15},"end":{"line":38,"column":23}},"loc":{"start":{"line":38,"column":36},"end":{"line":47,"column":1}},"line":38},"3":{"name":"findByRecorrencia","decl":{"start":{"line":49,"column":15},"end":{"line":49,"column":32}},"loc":{"start":{"line":49,"column":56},"end":{"line":58,"column":1}},"line":49},"4":{"name":"findProximas","decl":{"start":{"line":60,"column":15},"end":{"line":60,"column":27}},"loc":{"start":{"line":60,"column":44},"end":{"line":71,"column":1}},"line":60},"5":{"name":"findRecentes","decl":{"start":{"line":73,"column":15},"end":{"line":73,"column":27}},"loc":{"start":{"line":73,"column":44},"end":{"line":84,"column":1}},"line":73},"6":{"name":"findSemProntuarioApos1h","decl":{"start":{"line":86,"column":15},"end":{"line":86,"column":38}},"loc":{"start":{"line":86,"column":47},"end":{"line":99,"column":1}},"line":86},"7":{"name":"countsByStatus","decl":{"start":{"line":101,"column":15},"end":{"line":101,"column":29}},"loc":{"start":{"line":101,"column":38},"end":{"line":117,"column":1}},"line":101},"8":{"name":"countsPorMes","decl":{"start":{"line":119,"column":15},"end":{"line":119,"column":27}},"loc":{"start":{"line":119,"column":36},"end":{"line":135,"column":1}},"line":119},"9":{"name":"create","decl":{"start":{"line":137,"column":15},"end":{"line":137,"column":21}},"loc":{"start":{"line":137,"column":86},"end":{"line":145,"column":1}},"line":137},"10":{"name":"update","decl":{"start":{"line":147,"column":15},"end":{"line":147,"column":21}},"loc":{"start":{"line":147,"column":66},"end":{"line":156,"column":1}},"line":147},"11":{"name":"updateAllRecorrencia","decl":{"start":{"line":158,"column":15},"end":{"line":158,"column":35}},"loc":{"start":{"line":158,"column":83},"end":{"line":170,"column":1}},"line":158},"12":{"name":"updateStatus","decl":{"start":{"line":172,"column":15},"end":{"line":172,"column":27}},"loc":{"start":{"line":172,"column":48},"end":{"line":178,"column":1}},"line":172},"13":{"name":"cancelOne","decl":{"start":{"line":180,"column":15},"end":{"line":180,"column":24}},"loc":{"start":{"line":180,"column":37},"end":{"line":182,"column":1}},"line":180},"14":{"name":"cancelAllRecorrencia","decl":{"start":{"line":184,"column":15},"end":{"line":184,"column":35}},"loc":{"start":{"line":184,"column":59},"end":{"line":193,"column":1}},"line":184},"15":{"name":"saveGoogleEventId","decl":{"start":{"line":195,"column":15},"end":{"line":195,"column":32}},"loc":{"start":{"line":195,"column":52},"end":{"line":197,"column":1}},"line":195}},"branchMap":{"0":{"loc":{"start":{"line":13,"column":2},"end":{"line":16,"column":3}},"type":"if","locations":[{"start":{"line":13,"column":2},"end":{"line":16,"column":3}},{"start":{},"end":{}}],"line":13},"1":{"loc":{"start":{"line":17,"column":2},"end":{"line":20,"column":3}},"type":"if","locations":[{"start":{"line":17,"column":2},"end":{"line":20,"column":3}},{"start":{},"end":{}}],"line":17},"2":{"loc":{"start":{"line":21,"column":2},"end":{"line":27,"column":3}},"type":"if","locations":[{"start":{"line":21,"column":2},"end":{"line":27,"column":3}},{"start":{},"end":{}}],"line":21},"3":{"loc":{"start":{"line":23,"column":4},"end":{"line":26,"column":5}},"type":"if","locations":[{"start":{"line":23,"column":4},"end":{"line":26,"column":5}},{"start":{},"end":{}}],"line":23},"4":{"loc":{"start":{"line":28,"column":2},"end":{"line":31,"column":3}},"type":"if","locations":[{"start":{"line":28,"column":2},"end":{"line":31,"column":3}},{"start":{},"end":{}}],"line":28},"5":{"loc":{"start":{"line":46,"column":9},"end":{"line":46,"column":26}},"type":"binary-expr","locations":[{"start":{"line":46,"column":9},"end":{"line":46,"column":18}},{"start":{"line":46,"column":22},"end":{"line":46,"column":26}}],"line":46},"6":{"loc":{"start":{"line":68,"column":13},"end":{"line":68,"column":24}},"type":"binary-expr","locations":[{"start":{"line":68,"column":13},"end":{"line":68,"column":19}},{"start":{"line":68,"column":23},"end":{"line":68,"column":24}}],"line":68},"7":{"loc":{"start":{"line":81,"column":13},"end":{"line":81,"column":24}},"type":"binary-expr","locations":[{"start":{"line":81,"column":13},"end":{"line":81,"column":19}},{"start":{"line":81,"column":23},"end":{"line":81,"column":24}}],"line":81},"8":{"loc":{"start":{"line":142,"column":37},"end":{"line":142,"column":58}},"type":"binary-expr","locations":[{"start":{"line":142,"column":37},"end":{"line":142,"column":50}},{"start":{"line":142,"column":54},"end":{"line":142,"column":58}}],"line":142},"9":{"loc":{"start":{"line":142,"column":60},"end":{"line":142,"column":83}},"type":"binary-expr","locations":[{"start":{"line":142,"column":60},"end":{"line":142,"column":75}},{"start":{"line":142,"column":79},"end":{"line":142,"column":83}}],"line":142},"10":{"loc":{"start":{"line":155,"column":9},"end":{"line":155,"column":26}},"type":"binary-expr","locations":[{"start":{"line":155,"column":9},"end":{"line":155,"column":18}},{"start":{"line":155,"column":22},"end":{"line":155,"column":26}}],"line":155},"11":{"loc":{"start":{"line":177,"column":9},"end":{"line":177,"column":26}},"type":"binary-expr","locations":[{"start":{"line":177,"column":9},"end":{"line":177,"column":18}},{"start":{"line":177,"column":22},"end":{"line":177,"column":26}}],"line":177}},"s":{"0":7,"1":0,"2":0,"3":0,"4":0,"5":0,"6":0,"7":0,"8":0,"9":0,"10":0,"11":0,"12":0,"13":0,"14":0,"15":0,"16":0,"17":0,"18":0,"19":0,"20":0,"21":0,"22":0,"23":0,"24":0,"25":0,"26":0,"27":0,"28":0,"29":0,"30":0,"31":0,"32":0,"33":0,"34":0,"35":0,"36":0,"37":0,"38":0,"39":0,"40":0,"41":0,"42":0,"43":0,"44":0,"45":0,"46":0,"47":0,"48":7},"f":{"0":0,"1":0,"2":0,"3":0,"4":0,"5":0,"6":0,"7":0,"8":0,"9":0,"10":0,"11":0,"12":0,"13":0,"14":0,"15":0},"b":{"0":[0,0],"1":[0,0],"2":[0,0],"3":[0,0],"4":[0,0],"5":[0,0],"6":[0,0],"7":[0,0],"8":[0,0],"9":[0,0],"10":[0,0],"11":[0,0]},"_coverageSchema":"1a1c01bbd47fc00a2c39e90264f33305004495a9","hash":"8df71252c0e7b2b775fe106c72533a5e3b5d0304"}
,"/home/claude/v13/projeto/psiconnect/backend/src/models/calendarTokenModel.js": {"path":"/home/claude/v13/projeto/psiconnect/backend/src/models/calendarTokenModel.js","statementMap":{"0":{"start":{"line":2,"column":13},"end":{"line":2,"column":42}},"1":{"start":{"line":5,"column":20},"end":{"line":8,"column":3}},"2":{"start":{"line":9,"column":2},"end":{"line":9,"column":35}},"3":{"start":{"line":13,"column":20},"end":{"line":20,"column":3}},"4":{"start":{"line":21,"column":2},"end":{"line":21,"column":27}},"5":{"start":{"line":25,"column":2},"end":{"line":25,"column":86}},"6":{"start":{"line":28,"column":0},"end":{"line":28,"column":50}}},"fnMap":{"0":{"name":"findByUserId","decl":{"start":{"line":4,"column":15},"end":{"line":4,"column":27}},"loc":{"start":{"line":4,"column":36},"end":{"line":10,"column":1}},"line":4},"1":{"name":"salvar","decl":{"start":{"line":12,"column":15},"end":{"line":12,"column":21}},"loc":{"start":{"line":12,"column":68},"end":{"line":22,"column":1}},"line":12},"2":{"name":"remove","decl":{"start":{"line":24,"column":15},"end":{"line":24,"column":21}},"loc":{"start":{"line":24,"column":30},"end":{"line":26,"column":1}},"line":24}},"branchMap":{"0":{"loc":{"start":{"line":9,"column":9},"end":{"line":9,"column":34}},"type":"binary-expr","locations":[{"start":{"line":9,"column":9},"end":{"line":9,"column":26}},{"start":{"line":9,"column":30},"end":{"line":9,"column":34}}],"line":9}},"s":{"0":7,"1":0,"2":0,"3":0,"4":0,"5":0,"6":7},"f":{"0":0,"1":0,"2":0},"b":{"0":[0,0]},"_coverageSchema":"1a1c01bbd47fc00a2c39e90264f33305004495a9","hash":"026de222a3a8f868bdb4354d8d9ee9cca150260e"}
[...]
,"/home/claude/v13/projeto/psiconnect/backend/src/services/patientService.js": {"path":"/home/claude/v13/projeto/psiconnect/backend/src/services/patientService.js","statementMap":{"0":{"start":{"line":2,"column":21},"end":{"line":2,"column":54}},"1":{"start":{"line":5,"column":2},"end":{"line":5,"column":52}},"2":{"start":{"line":9,"column":19},"end":{"line":9,"column":58}},"3":{"start":{"line":10,"column":2},"end":{"line":14,"column":3}},"4":{"start":{"line":11,"column":17},"end":{"line":11,"column":54}},"5":{"start":{"line":12,"column":4},"end":{"line":12,"column":22}},"6":{"start":{"line":13,"column":4},"end":{"line":13,"column":15}},"7":{"start":{"line":15,"column":2},"end":{"line":15,"column":18}},"8":{"start":{"line":19,"column":2},"end":{"line":23,"column":3}},"9":{"start":{"line":20,"column":17},"end":{"line":20,"column":63}},"10":{"start":{"line":21,"column":4},"end":{"line":21,"column":22}},"11":{"start":{"line":22,"column":4},"end":{"line":22,"column":15}},"12":{"start":{"line":24,"column":2},"end":{"line":27,"column":4}},"13":{"start":{"line":31,"column":2},"end":{"line":35,"column":3}},"14":{"start":{"line":32,"column":17},"end":{"line":32,"column":63}},"15":{"start":{"line":33,"column":4},"end":{"line":33,"column":22}},"16":{"start":{"line":34,"column":4},"end":{"line":34,"column":15}},"17":{"start":{"line":36,"column":19},"end":{"line":39,"column":3}},"18":{"start":{"line":40,"column":2},"end":{"line":44,"column":3}},"19":{"start":{"line":41,"column":17},"end":{"line":41,"column":54}},"20":{"start":{"line":42,"column":4},"end":{"line":42,"column":22}},"21":{"start":{"line":43,"column":4},"end":{"line":43,"column":15}},"22":{"start":{"line":45,"column":2},"end":{"line":45,"column":18}},"23":{"start":{"line":49,"column":19},"end":{"line":49,"column":56}},"24":{"start":{"line":50,"column":2},"end":{"line":54,"column":3}},"25":{"start":{"line":51,"column":17},"end":{"line":51,"column":54}},"26":{"start":{"line":52,"column":4},"end":{"line":52,"column":22}},"27":{"start":{"line":53,"column":4},"end":{"line":53,"column":15}},"28":{"start":{"line":55,"column":2},"end":{"line":55,"column":55}},"29":{"start":{"line":58,"column":0},"end":{"line":58,"column":68}}},"fnMap":{"0":{"name":"listar","decl":{"start":{"line":4,"column":15},"end":{"line":4,"column":21}},"loc":{"start":{"line":4,"column":38},"end":{"line":6,"column":1}},"line":4},"1":{"name":"buscarPorId","decl":{"start":{"line":8,"column":15},"end":{"line":8,"column":26}},"loc":{"start":{"line":8,"column":39},"end":{"line":16,"column":1}},"line":8},"2":{"name":"criar","decl":{"start":{"line":18,"column":15},"end":{"line":18,"column":20}},"loc":{"start":{"line":18,"column":36},"end":{"line":28,"column":1}},"line":18},"3":{"name":"atualizar","decl":{"start":{"line":30,"column":15},"end":{"line":30,"column":24}},"loc":{"start":{"line":30,"column":44},"end":{"line":46,"column":1}},"line":30},"4":{"name":"remover","decl":{"start":{"line":48,"column":15},"end":{"line":48,"column":22}},"loc":{"start":{"line":48,"column":35},"end":{"line":56,"column":1}},"line":48}},"branchMap":{"0":{"loc":{"start":{"line":10,"column":2},"end":{"line":14,"column":3}},"type":"if","locations":[{"start":{"line":10,"column":2},"end":{"line":14,"column":3}},{"start":{},"end":{}}],"line":10},"1":{"loc":{"start":{"line":19,"column":2},"end":{"line":23,"column":3}},"type":"if","locations":[{"start":{"line":19,"column":2},"end":{"line":23,"column":3}},{"start":{},"end":{}}],"line":19},"2":{"loc":{"start":{"line":31,"column":2},"end":{"line":35,"column":3}},"type":"if","locations":[{"start":{"line":31,"column":2},"end":{"line":35,"column":3}},{"start":{},"end":{}}],"line":31},"3":{"loc":{"start":{"line":40,"column":2},"end":{"line":44,"column":3}},"type":"if","locations":[{"start":{"line":40,"column":2},"end":{"line":44,"column":3}},{"start":{},"end":{}}],"line":40},"4":{"loc":{"start":{"line":50,"column":2},"end":{"line":54,"column":3}},"type":"if","locations":[{"start":{"line":50,"column":2},"end":{"line":54,"column":3}},{"start":{},"end":{}}],"line":50}},"s":{"0":7,"1":1,"2":2,"3":2,"4":1,"5":1,"6":1,"7":1,"8":2,"9":1,"10":1,"11":1,"12":1,"13":0,"14":0,"15":0,"16":0,"17":0,"18":0,"19":0,"20":0,"21":0,"22":0,"23":0,"24":0,"25":0,"26":0,"27":0,"28":0,"29":7},"f":{"0":1,"1":2,"2":2,"3":0,"4":0},"b":{"0":[1,1],"1":[1,1],"2":[0,0],"3":[0,0],"4":[0,0]},"_coverageSchema":"1a1c01bbd47fc00a2c39e90264f33305004495a9","hash":"7982688159b1aaf7529e53125a335938f5857e57"}
,"/home/claude/v13/projeto/psiconnect/backend/src/services/prontuarioService.js": {"path":"/home/claude/v13/projeto/psiconnect/backend/src/services/prontuarioService.js","statementMap":{"0":{"start":{"line":1,"column":24},"end":{"line":1,"column":60}},"1":{"start":{"line":2,"column":24},"end":{"line":2,"column":57}},"2":{"start":{"line":5,"column":19},"end":{"line":5,"column":65}},"3":{"start":{"line":6,"column":2},"end":{"line":8,"column":3}},"4":{"start":{"line":7,"column":14},"end":{"line":7,"column":51}},"5":{"start":{"line":7,"column":53},"end":{"line":7,"column":68}},"6":{"start":{"line":7,"column":69},"end":{"line":7,"column":77}},"7":{"start":{"line":9,"column":2},"end":{"line":9,"column":56}},"8":{"start":{"line":13,"column":19},"end":{"line":13,"column":65}},"9":{"start":{"line":14,"column":2},"end":{"line":16,"column":3}},"10":{"start":{"line":15,"column":14},"end":{"line":15,"column":51}},"11":{"start":{"line":15,"column":53},"end":{"line":15,"column":68}},"12":{"start":{"line":15,"column":69},"end":{"line":15,"column":77}},"13":{"start":{"line":17,"column":2},"end":{"line":17,"column":87}},"14":{"start":{"line":20,"column":0},"end":{"line":20,"column":36}}},"fnMap":{"0":{"name":"buscar","decl":{"start":{"line":4,"column":15},"end":{"line":4,"column":21}},"loc":{"start":{"line":4,"column":41},"end":{"line":10,"column":1}},"line":4},"1":{"name":"salvar","decl":{"start":{"line":12,"column":15},"end":{"line":12,"column":21}},"loc":{"start":{"line":12,"column":79},"end":{"line":18,"column":1}},"line":12}},"branchMap":{"0":{"loc":{"start":{"line":6,"column":2},"end":{"line":8,"column":3}},"type":"if","locations":[{"start":{"line":6,"column":2},"end":{"line":8,"column":3}},{"start":{},"end":{}}],"line":6},"1":{"loc":{"start":{"line":14,"column":2},"end":{"line":16,"column":3}},"type":"if","locations":[{"start":{"line":14,"column":2},"end":{"line":16,"column":3}},{"start":{},"end":{}}],"line":14}},"s":{"0":6,"1":6,"2":0,"3":0,"4":0,"5":0,"6":0,"7":0,"8":0,"9":0,"10":0,"11":0,"12":0,"13":0,"14":6},"f":{"0":0,"1":0},"b":{"0":[0,0],"1":[0,0]},"_coverageSchema":"1a1c01bbd47fc00a2c39e90264f33305004495a9","hash":"9f501a2b4458b921e16778dbb81db7de991aa608"}
,"/home/claude/v13/projeto/psiconnect/backend/src/services/reminderService.js": {"path":"/home/claude/v13/projeto/psiconnect/backend/src/services/reminderService.js","statementMap":{"0":{"start":{"line":2,"column":22},"end":{"line":2,"column":56}},"1":{"start":{"line":5,"column":2},"end":{"line":5,"column":45}},"2":{"start":{"line":9,"column":2},"end":{"line":13,"column":3}},"3":{"start":{"line":10,"column":17},"end":{"line":10,"column":61}},"4":{"start":{"line":11,"column":4},"end":{"line":11,"column":22}},"5":{"start":{"line":12,"column":4},"end":{"line":12,"column":15}},"6":{"start":{"line":14,"column":2},"end":{"line":14,"column":93}},"7":{"start":{"line":18,"column":16},"end":{"line":18,"column":56}},"8":{"start":{"line":19,"column":2},"end":{"line":21,"column":3}},"9":{"start":{"line":20,"column":17},"end":{"line":20,"column":54}},"10":{"start":{"line":20,"column":56},"end":{"line":20,"column":74}},"11":{"start":{"line":20,"column":75},"end":{"line":20,"column":86}},"12":{"start":{"line":22,"column":19},"end":{"line":28,"column":3}},"13":{"start":{"line":29,"column":2},"end":{"line":33,"column":3}},"14":{"start":{"line":30,"column":17},"end":{"line":30,"column":54}},"15":{"start":{"line":31,"column":4},"end":{"line":31,"column":22}},"16":{"start":{"line":32,"column":4},"end":{"line":32,"column":15}},"17":{"start":{"line":34,"column":2},"end":{"line":34,"column":18}},"18":{"start":{"line":38,"column":19},"end":{"line":38,"column":57}},"19":{"start":{"line":39,"column":2},"end":{"line":43,"column":3}},"20":{"start":{"line":40,"column":17},"end":{"line":40,"column":54}},"21":{"start":{"line":41,"column":4},"end":{"line":41,"column":22}},"22":{"start":{"line":42,"column":4},"end":{"line":42,"column":15}},"23":{"start":{"line":44,"column":2},"end":{"line":44,"column":43}},"24":{"start":{"line":47,"column":0},"end":{"line":47,"column":55}}},"fnMap":{"0":{"name":"listar","decl":{"start":{"line":4,"column":15},"end":{"line":4,"column":21}},"loc":{"start":{"line":4,"column":30},"end":{"line":6,"column":1}},"line":4},"1":{"name":"criar","decl":{"start":{"line":8,"column":15},"end":{"line":8,"column":20}},"loc":{"start":{"line":8,"column":36},"end":{"line":15,"column":1}},"line":8},"2":{"name":"atualizar","decl":{"start":{"line":17,"column":15},"end":{"line":17,"column":24}},"loc":{"start":{"line":17,"column":44},"end":{"line":35,"column":1}},"line":17},"3":{"name":"remover","decl":{"start":{"line":37,"column":15},"end":{"line":37,"column":22}},"loc":{"start":{"line":37,"column":35},"end":{"line":45,"column":1}},"line":37}},"branchMap":{"0":{"loc":{"start":{"line":9,"column":2},"end":{"line":13,"column":3}},"type":"if","locations":[{"start":{"line":9,"column":2},"end":{"line":13,"column":3}},{"start":{},"end":{}}],"line":9},"1":{"loc":{"start":{"line":9,"column":6},"end":{"line":9,"column":38}},"type":"binary-expr","locations":[{"start":{"line":9,"column":6},"end":{"line":9,"column":18}},{"start":{"line":9,"column":22},"end":{"line":9,"column":38}}],"line":9},"2":{"loc":{"start":{"line":19,"column":2},"end":{"line":21,"column":3}},"type":"if","locations":[{"start":{"line":19,"column":2},"end":{"line":21,"column":3}},{"start":{},"end":{}}],"line":19},"3":{"loc":{"start":{"line":24,"column":4},"end":{"line":24,"column":35}},"type":"binary-expr","locations":[{"start":{"line":24,"column":4},"end":{"line":24,"column":15}},{"start":{"line":24,"column":24},"end":{"line":24,"column":35}}],"line":24},"4":{"loc":{"start":{"line":25,"column":4},"end":{"line":25,"column":42}},"type":"binary-expr","locations":[{"start":{"line":25,"column":4},"end":{"line":25,"column":21}},{"start":{"line":25,"column":25},"end":{"line":25,"column":42}}],"line":25},"5":{"loc":{"start":{"line":26,"column":4},"end":{"line":26,"column":39}},"type":"binary-expr","locations":[{"start":{"line":26,"column":4},"end":{"line":26,"column":19}},{"start":{"line":26,"column":24},"end":{"line":26,"column":39}}],"line":26},"6":{"loc":{"start":{"line":27,"column":4},"end":{"line":27,"column":34}},"type":"binary-expr","locations":[{"start":{"line":27,"column":4},"end":{"line":27,"column":14}},{"start":{"line":27,"column":24},"end":{"line":27,"column":34}}],"line":27},"7":{"loc":{"start":{"line":29,"column":2},"end":{"line":33,"column":3}},"type":"if","locations":[{"start":{"line":29,"column":2},"end":{"line":33,"column":3}},{"start":{},"end":{}}],"line":29},"8":{"loc":{"start":{"line":39,"column":2},"end":{"line":43,"column":3}},"type":"if","locations":[{"start":{"line":39,"column":2},"end":{"line":43,"column":3}},{"start":{},"end":{}}],"line":39}},"s":{"0":7,"1":1,"2":3,"3":2,"4":2,"5":2,"6":1,"7":2,"8":2,"9":1,"10":1,"11":1,"12":1,"13":1,"14":0,"15":0,"16":0,"17":1,"18":0,"19":0,"20":0,"21":0,"22":0,"23":0,"24":7},"f":{"0":1,"1":3,"2":2,"3":0},"b":{"0":[2,1],"1":[3,2],"2":[1,1],"3":[1,1],"4":[1,1],"5":[1,1],"6":[1,0],"7":[0,1],"8":[0,0]},"_coverageSchema":"1a1c01bbd47fc00a2c39e90264f33305004495a9","hash":"3594b7239a416ba8e7b8d3c53b4df6bf608b5aff"}
,"/home/claude/v13/projeto/psiconnect/backend/src/services/tarefaService.js": {"path":"/home/claude/v13/projeto/psiconnect/backend/src/services/tarefaService.js","statementMap":{"0":{"start":{"line":1,"column":25},"end":{"line":1,"column":57}},"1":{"start":{"line":2,"column":25},"end":{"line":2,"column":62}},"2":{"start":{"line":3,"column":25},"end":{"line":3,"column":58}},"3":{"start":{"line":6,"column":2},"end":{"line":6,"column":49}},"4":{"start":{"line":10,"column":12},"end":{"line":10,"column":53}},"5":{"start":{"line":11,"column":2},"end":{"line":11,"column":85}},"6":{"start":{"line":11,"column":22},"end":{"line":11,"column":57}},"7":{"start":{"line":11,"column":59},"end":{"line":11,"column":74}},"8":{"start":{"line":11,"column":75},"end":{"line":11,"column":83}},"9":{"start":{"line":12,"column":2},"end":{"line":12,"column":11}},"10":{"start":{"line":16,"column":12},"end":{"line":16,"column":48}},"11":{"start":{"line":17,"column":2},"end":{"line":17,"column":85}},"12":{"start":{"line":17,"column":22},"end":{"line":17,"column":57}},"13":{"start":{"line":17,"column":59},"end":{"line":17,"column":74}},"14":{"start":{"line":17,"column":75},"end":{"line":17,"column":83}},"15":{"start":{"line":18,"column":2},"end":{"line":18,"column":41}},"16":{"start":{"line":22,"column":19},"end":{"line":22,"column":84}},"17":{"start":{"line":23,"column":2},"end":{"line":29,"column":3}},"18":{"start":{"line":24,"column":4},"end":{"line":28,"column":6}},"19":{"start":{"line":30,"column":2},"end":{"line":30,"column":14}},"20":{"start":{"line":34,"column":24},"end":{"line":34,"column":78}},"21":{"start":{"line":35,"column":2},"end":{"line":40,"column":3}},"22":{"start":{"line":36,"column":21},"end":{"line":36,"column":89}},"23":{"start":{"line":37,"column":4},"end":{"line":39,"column":5}},"24":{"start":{"line":38,"column":6},"end":{"line":38,"column":112}},"25":{"start":{"line":42,"column":21},"end":{"line":42,"column":77}},"26":{"start":{"line":43,"column":2},"end":{"line":48,"column":3}},"27":{"start":{"line":44,"column":21},"end":{"line":44,"column":78}},"28":{"start":{"line":45,"column":4},"end":{"line":47,"column":5}},"29":{"start":{"line":46,"column":6},"end":{"line":46,"column":111}},"30":{"start":{"line":50,"column":26},"end":{"line":50,"column":77}},"31":{"start":{"line":51,"column":2},"end":{"line":56,"column":3}},"32":{"start":{"line":52,"column":21},"end":{"line":52,"column":82}},"33":{"start":{"line":53,"column":4},"end":{"line":55,"column":5}},"34":{"start":{"line":54,"column":6},"end":{"line":54,"column":88}},"35":{"start":{"line":59,"column":0},"end":{"line":59,"column":106}}},"fnMap":{"0":{"name":"listarPendentes","decl":{"start":{"line":5,"column":15},"end":{"line":5,"column":30}},"loc":{"start":{"line":5,"column":39},"end":{"line":7,"column":1}},"line":5},"1":{"name":"marcarFeita","decl":{"start":{"line":9,"column":15},"end":{"line":9,"column":26}},"loc":{"start":{"line":9,"column":39},"end":{"line":13,"column":1}},"line":9},"2":{"name":"remover","decl":{"start":{"line":15,"column":15},"end":{"line":15,"column":22}},"loc":{"start":{"line":15,"column":35},"end":{"line":19,"column":1}},"line":15},"3":{"name":"criarTarefaProntuario","decl":{"start":{"line":21,"column":15},"end":{"line":21,"column":36}},"loc":{"start":{"line":21,"column":69},"end":{"line":31,"column":1}},"line":21},"4":{"name":"verificarEGerarTarefas","decl":{"start":{"line":33,"column":15},"end":{"line":33,"column":37}},"loc":{"start":{"line":33,"column":46},"end":{"line":57,"column":1}},"line":33}},"branchMap":{"0":{"loc":{"start":{"line":11,"column":2},"end":{"line":11,"column":85}},"type":"if","locations":[{"start":{"line":11,"column":2},"end":{"line":11,"column":85}},{"start":{},"end":{}}],"line":11},"1":{"loc":{"start":{"line":17,"column":2},"end":{"line":17,"column":85}},"type":"if","locations":[{"start":{"line":17,"column":2},"end":{"line":17,"column":85}},{"start":{},"end":{}}],"line":17},"2":{"loc":{"start":{"line":23,"column":2},"end":{"line":29,"column":3}},"type":"if","locations":[{"start":{"line":23,"column":2},"end":{"line":29,"column":3}},{"start":{},"end":{}}],"line":23},"3":{"loc":{"start":{"line":37,"column":4},"end":{"line":39,"column":5}},"type":"if","locations":[{"start":{"line":37,"column":4},"end":{"line":39,"column":5}},{"start":{},"end":{}}],"line":37},"4":{"loc":{"start":{"line":45,"column":4},"end":{"line":47,"column":5}},"type":"if","locations":[{"start":{"line":45,"column":4},"end":{"line":47,"column":5}},{"start":{},"end":{}}],"line":45},"5":{"loc":{"start":{"line":53,"column":4},"end":{"line":55,"column":5}},"type":"if","locations":[{"start":{"line":53,"column":4},"end":{"line":55,"column":5}},{"start":{},"end":{}}],"line":53}},"s":{"0":6,"1":6,"2":6,"3":0,"4":0,"5":0,"6":0,"7":0,"8":0,"9":0,"10":0,"11":0,"12":0,"13":0,"14":0,"15":0,"16":0,"17":0,"18":0,"19":0,"20":0,"21":0,"22":0,"23":0,"24":0,"25":0,"26":0,"27":0,"28":0,"29":0,"30":0,"31":0,"32":0,"33":0,"34":0,"35":6},"f":{"0":0,"1":0,"2":0,"3":0,"4":0},"b":{"0":[0,0],"1":[0,0],"2":[0,0],"3":[0,0],"4":[0,0],"5":[0,0]},"_coverageSchema":"1a1c01bbd47fc00a2c39e90264f33305004495a9","hash":"fa661e3ee2f73da3846bbc1d1ed4efb309f3c271"}
,"/home/claude/v13/projeto/psiconnect/backend/src/utils/jwtUtils.js": {"path":"/home/claude/v13/projeto/psiconnect/backend/src/utils/jwtUtils.js","statementMap":{"0":{"start":{"line":2,"column":12},"end":{"line":2,"column":35}},"1":{"start":{"line":5,"column":2},"end":{"line":7,"column":5}},"2":{"start":{"line":11,"column":2},"end":{"line":11,"column":51}},"3":{"start":{"line":14,"column":0},"end":{"line":14,"column":48}}},"fnMap":{"0":{"name":"generateToken","decl":{"start":{"line":4,"column":9},"end":{"line":4,"column":22}},"loc":{"start":{"line":4,"column":32},"end":{"line":8,"column":1}},"line":4},"1":{"name":"verifyToken","decl":{"start":{"line":10,"column":9},"end":{"line":10,"column":20}},"loc":{"start":{"line":10,"column":28},"end":{"line":12,"column":1}},"line":10}},"branchMap":{"0":{"loc":{"start":{"line":6,"column":15},"end":{"line":6,"column":49}},"type":"binary-expr","locations":[{"start":{"line":6,"column":15},"end":{"line":6,"column":41}},{"start":{"line":6,"column":45},"end":{"line":6,"column":49}}],"line":6}},"s":{"0":7,"1":0,"2":7,"3":7},"f":{"0":0,"1":7},"b":{"0":[0,0]},"_coverageSchema":"1a1c01bbd47fc00a2c39e90264f33305004495a9","hash":"1ce5438eb6367e839ce101adaa447f6a07ebe01b"}
}
