TN:
SF:src/app.js
FN:34,(anonymous_0)
FNF:1
FNH:0
FNDA:0,(anonymous_0)
DA:1,6
DA:2,6
DA:3,6
DA:4,6
DA:5,6
DA:6,6
DA:8,6
DA:10,6
DA:11,6
DA:12,6
DA:13,6
DA:14,6
DA:15,6
DA:16,6
DA:17,6
DA:18,6
DA:19,6
DA:20,6
DA:21,6
DA:23,6
DA:25,6
DA:27,6
DA:28,6
DA:29,6
DA:30,6
DA:31,6
DA:32,6
DA:34,6
DA:36,6
DA:37,6
DA:38,6
DA:39,6
DA:40,6
DA:41,6
DA:42,6
DA:43,6
DA:44,6
DA:45,6
DA:46,6
DA:48,6
DA:50,6
LF:41
LH:41
BRDA:27,0,0,6
BRDA:27,0,1,0
BRF:2
BRH:1
end_of_record
TN:
SF:src/config/database.js
FN:4,(anonymous_0)
FN:5,(anonymous_1)
FN:12,(anonymous_2)
FNF:3
FNH:1
FNDA:0,(anonymous_0)
FNDA:0,(anonymous_1)
FNDA:1,(anonymous_2)
DA:1,13
DA:4,13
DA:5,13
DA:7,13
DA:12,13
DA:13,1
DA:14,1
DA:15,1
DA:17,0
DA:18,0
DA:21,13
LF:11
LH:9
BRDA:13,0,0,1
BRDA:13,0,1,0
BRF:2
BRH:1
end_of_record
TN:
SF:src/controllers/appointmentController.js
FN:3,listar
FN:11,buscarPorId
FN:18,criar
FN:25,atualizar
FN:33,cancelar
FN:41,concluir
FNF:6
FNH:0
FNDA:0,listar
FNDA:0,buscarPorId
FNDA:0,criar
FNDA:0,atualizar
FNDA:0,cancelar
FNDA:0,concluir
DA:1,6
DA:4,0
DA:5,0
DA:6,0
DA:7,0
DA:8,0
DA:12,0
DA:13,0
DA:14,0
DA:15,0
DA:19,0
DA:20,0
DA:21,0
DA:22,0
DA:26,0
DA:27,0
DA:28,0
DA:29,0
DA:30,0
DA:34,0
DA:35,0
DA:36,0
DA:37,0
DA:38,0
DA:42,0
DA:43,0
DA:44,0
DA:45,0
DA:48,6
LF:29
LH:2
BRDA:27,0,0,0
BRDA:27,0,1,0
BRDA:35,1,0,0
BRDA:35,1,1,0
BRF:4
BRH:0
end_of_record
TN:
SF:src/controllers/authController.js
FN:3,register
FN:16,login
FN:24,getProfile
FN:31,updateProfile
FN:40,changePassword
FN:54,deleteAccount
FNF:6
FNH:0
FNDA:0,register
FNDA:0,login
FNDA:0,getProfile
FNDA:0,updateProfile
FNDA:0,changePassword
FNDA:0,deleteAccount
DA:1,6
DA:4,0
DA:5,0
DA:7,0
DA:8,0
DA:11,0
DA:12,0
DA:13,0
DA:17,0
DA:18,0
DA:19,0
DA:20,0
DA:21,0
DA:25,0
DA:26,0
DA:27,0
DA:28,0
DA:32,0
DA:33,0
DA:34,0
DA:35,0
DA:36,0
DA:37,0
DA:41,0
DA:42,0
DA:43,0
DA:44,0
DA:46,0
DA:47,0
DA:49,0
DA:50,0
DA:51,0
DA:55,0
DA:56,0
DA:57,0
DA:58,0
DA:60,0
DA:61,0
DA:62,0
DA:65,6
LF:40
LH:2
BRDA:7,0,0,0
BRDA:7,0,1,0
BRDA:34,1,0,0
BRDA:34,1,1,0
BRDA:43,2,0,0
BRDA:43,2,1,0
BRDA:43,3,0,0
BRDA:43,3,1,0
BRDA:46,4,0,0
BRDA:46,4,1,0
BRDA:57,5,0,0
BRDA:57,5,1,0
BRF:12
BRH:0
end_of_record
TN:
SF:src/controllers/calendarController.js
FN:3,getAuthUrl
FN:14,handleCallback
FN:41,getStatus
FN:48,disconnect
FNF:4
FNH:0
FNDA:0,getAuthUrl
FNDA:0,handleCallback
FNDA:0,getStatus
FNDA:0,disconnect
DA:1,6
DA:4,0
DA:5,0
DA:6,0
DA:8,0
DA:15,0
DA:16,0
DA:18,0
DA:19,0
DA:20,0
DA:23,0
DA:24,0
DA:27,0
DA:28,0
DA:31,0
DA:33,0
DA:35,0
DA:36,0
DA:37,0
DA:42,0
DA:43,0
DA:44,0
DA:45,0
DA:49,0
DA:50,0
DA:51,0
DA:52,0
DA:55,6
LF:28
LH:2
BRDA:9,0,0,0
BRDA:9,0,1,0
BRDA:18,1,0,0
BRDA:18,1,1,0
BRDA:23,2,0,0
BRDA:23,2,1,0
BRDA:27,3,0,0
BRDA:27,3,1,0
BRDA:36,4,0,0
BRDA:36,4,1,0
BRF:10
BRH:0
end_of_record
TN:
SF:src/controllers/dashboardController.js
FN:4,getDashboard
FNF:1
FNH:0
FNDA:0,getDashboard
DA:2,6
DA:5,0
DA:6,0
DA:7,0
DA:8,0
DA:11,6
LF:6
LH:2
BRF:0
BRH:0
end_of_record
TN:
SF:src/controllers/funilController.js
FN:3,listar
FN:7,(anonymous_1)
FN:8,(anonymous_2)
FN:15,moverEtapa
FNF:4
FNH:0
FNDA:0,listar
FNDA:0,(anonymous_1)
FNDA:0,(anonymous_2)
FNDA:0,moverEtapa
DA:1,6
DA:4,0
DA:5,0
DA:6,0
DA:7,0
DA:8,0
DA:9,0
DA:11,0
DA:12,0
DA:16,0
DA:17,0
DA:18,0
DA:19,0
DA:21,0
DA:22,0
DA:23,0
DA:24,0
DA:27,6
LF:18
LH:2
BRDA:9,0,0,0
BRDA:9,0,1,0
BRDA:18,1,0,0
BRDA:18,1,1,0
BRDA:18,2,0,0
BRDA:18,2,1,0
BRDA:22,3,0,0
BRDA:22,3,1,0
BRF:8
BRH:0
end_of_record
TN:
SF:src/controllers/noteController.js
FN:4,listByAppointment
FN:11,listByPatient
FN:18,create
FN:25,update
FN:32,remove
FNF:5
FNH:0
FNDA:0,listByAppointment
FNDA:0,listByPatient
FNDA:0,create
FNDA:0,update
FNDA:0,remove
DA:2,6
DA:5,0
DA:6,0
DA:7,0
DA:8,0
DA:12,0
DA:13,0
DA:14,0
DA:15,0
DA:19,0
DA:20,0
DA:21,0
DA:22,0
DA:26,0
DA:27,0
DA:28,0
DA:29,0
DA:33,0
DA:34,0
DA:35,0
DA:36,0
DA:39,6
LF:22
LH:2
BRF:0
BRH:0
end_of_record
TN:
SF:src/controllers/patientController.js
FN:4,list
FN:11,get
FN:18,create
FN:25,update
FN:32,remove
FNF:5
FNH:0
FNDA:0,list
FNDA:0,get
FNDA:0,create
FNDA:0,update
FNDA:0,remove
DA:2,6
DA:5,0
DA:6,0
DA:7,0
DA:8,0
DA:12,0
DA:13,0
DA:14,0
DA:15,0
DA:19,0
DA:20,0
DA:21,0
DA:22,0
DA:26,0
DA:27,0
DA:28,0
DA:29,0
DA:33,0
DA:34,0
DA:35,0
DA:36,0
DA:39,6
LF:22
LH:2
BRF:0
BRH:0
end_of_record
TN:
SF:src/controllers/prontuarioController.js
FN:7,buscar
FN:14,salvar
FN:27,downloadEvolucao
FN:157,downloadContrato
FNF:4
FNH:0
FNDA:0,buscar
FNDA:0,salvar
FNDA:0,downloadEvolucao
FNDA:0,downloadContrato
DA:1,6
DA:2,6
DA:3,6
DA:4,6
DA:5,6
DA:8,0
DA:9,0
DA:10,0
DA:11,0
DA:15,0
DA:16,0
DA:17,0
DA:18,0
DA:20,0
DA:23,0
DA:24,0
DA:28,0
DA:29,0
DA:35,0
DA:37,0
DA:39,0
DA:41,0
DA:42,0
DA:43,0
DA:45,0
DA:47,0
DA:53,0
DA:59,0
DA:61,0
DA:62,0
DA:64,0
DA:70,0
DA:72,0
DA:77,0
DA:78,0
DA:79,0
DA:80,0
DA:82,0
DA:84,0
DA:85,0
DA:87,0
DA:93,0
DA:95,0
DA:100,0
DA:101,0
DA:102,0
DA:103,0
DA:104,0
DA:105,0
DA:106,0
DA:108,0
DA:110,0
DA:111,0
DA:113,0
DA:119,0
DA:121,0
DA:122,0
DA:131,0
DA:138,0
DA:140,0
DA:141,0
DA:143,0
DA:152,0
DA:154,0
DA:158,0
DA:159,0
DA:160,0
DA:161,0
DA:164,0
DA:165,0
DA:166,0
DA:169,0
DA:170,0
DA:173,6
LF:74
LH:6
BRDA:10,0,0,0
BRDA:10,0,1,0
BRDA:17,1,0,0
BRDA:17,1,1,0
BRDA:18,2,0,0
BRDA:18,2,1,0
BRDA:35,3,0,0
BRDA:35,3,1,0
BRDA:77,4,0,0
BRDA:77,4,1,0
BRDA:78,5,0,0
BRDA:78,5,1,0
BRDA:79,6,0,0
BRDA:79,6,1,0
BRDA:80,7,0,0
BRDA:80,7,1,0
BRDA:101,8,0,0
BRDA:101,8,1,0
BRDA:102,9,0,0
BRDA:102,9,1,0
BRDA:103,10,0,0
BRDA:103,10,1,0
BRDA:104,11,0,0
BRDA:104,11,1,0
BRDA:105,12,0,0
BRDA:105,12,1,0
BRDA:106,13,0,0
BRDA:106,13,1,0
BRDA:121,14,0,0
BRDA:121,14,1,0
BRDA:160,15,0,0
BRDA:160,15,1,0
BRDA:160,16,0,0
BRDA:160,16,1,0
BRDA:165,17,0,0
BRDA:165,17,1,0
BRF:36
BRH:0
end_of_record
TN:
SF:src/controllers/reminderController.js
FN:4,list
FN:11,create
FN:18,update
FN:25,remove
FNF:4
FNH:0
FNDA:0,list
FNDA:0,create
FNDA:0,update
FNDA:0,remove
DA:2,6
DA:5,0
DA:6,0
DA:7,0
DA:8,0
DA:12,0
DA:13,0
DA:14,0
DA:15,0
DA:19,0
DA:20,0
DA:21,0
DA:22,0
DA:26,0
DA:27,0
DA:28,0
DA:29,0
DA:32,6
LF:18
LH:2
BRF:0
BRH:0
end_of_record
TN:
SF:src/controllers/resetController.js
FN:6,solicitarReset
FN:29,validarToken
FN:41,redefinirSenha
FNF:3
FNH:0
FNDA:0,solicitarReset
FNDA:0,validarToken
FNDA:0,redefinirSenha
DA:1,6
DA:2,6
DA:3,6
DA:4,6
DA:7,0
DA:8,0
DA:9,0
DA:11,0
DA:14,0
DA:15,0
DA:18,0
DA:19,0
DA:21,0
DA:23,0
DA:24,0
DA:25,0
DA:30,0
DA:31,0
DA:32,0
DA:34,0
DA:35,0
DA:37,0
DA:38,0
DA:42,0
DA:43,0
DA:45,0
DA:46,0
DA:48,0
DA:49,0
DA:51,0
DA:52,0
DA:55,0
DA:56,0
DA:58,0
DA:59,0
DA:60,0
DA:62,0
DA:63,0
DA:66,6
LF:39
LH:5
BRDA:9,0,0,0
BRDA:9,0,1,0
BRDA:14,1,0,0
BRDA:14,1,1,0
BRDA:23,2,0,0
BRDA:23,2,1,0
BRDA:32,3,0,0
BRDA:32,3,1,0
BRDA:35,4,0,0
BRDA:35,4,1,0
BRDA:45,5,0,0
BRDA:45,5,1,0
BRDA:45,6,0,0
BRDA:45,6,1,0
BRDA:48,7,0,0
BRDA:48,7,1,0
BRDA:51,8,0,0
BRDA:51,8,1,0
BRDA:56,9,0,0
BRDA:56,9,1,0
BRF:20
BRH:0
end_of_record
TN:
SF:src/controllers/tarefaController.js
FN:3,listar
FN:10,marcarFeita
FN:17,remover
FN:24,verificar
FNF:4
FNH:0
FNDA:0,listar
FNDA:0,marcarFeita
FNDA:0,remover
FNDA:0,verificar
DA:1,6
DA:4,0
DA:5,0
DA:6,0
DA:7,0
DA:11,0
DA:12,0
DA:13,0
DA:14,0
DA:18,0
DA:19,0
DA:20,0
DA:21,0
DA:25,0
DA:26,0
DA:27,0
DA:28,0
DA:29,0
DA:32,6
LF:19
LH:2
BRF:0
BRH:0
end_of_record
TN:
SF:src/middlewares/authMiddleware.js
FN:4,authMiddleware
FNF:1
FNH:1
FNDA:20,authMiddleware
DA:2,6
DA:5,20
DA:7,20
DA:8,13
DA:11,7
DA:13,7
DA:14,7
DA:16,0
DA:18,0
DA:20,7
DA:24,6
LF:11
LH:9
BRDA:7,0,0,13
BRDA:7,0,1,7
BRDA:7,1,0,20
BRDA:7,1,1,7
BRF:4
BRH:4
end_of_record
TN:
SF:src/middlewares/errorMiddleware.js
FN:1,errorMiddleware
FNF:1
FNH:0
FNDA:0,errorMiddleware
DA:2,0
DA:3,0
DA:5,0
DA:6,0
DA:8,0
DA:9,0
DA:12,0
DA:15,6
LF:8
LH:1
BRDA:5,0,0,0
BRDA:5,0,1,0
BRDA:6,1,0,0
BRDA:6,1,1,0
BRDA:8,2,0,0
BRDA:8,2,1,0
BRF:6
BRH:0
end_of_record
TN:
SF:src/middlewares/rateLimitMiddleware.js
FNF:0
FNH:0
DA:1,6
DA:3,6
DA:11,6
DA:19,6
LF:4
LH:4
BRF:0
BRH:0
end_of_record
TN:
SF:src/middlewares/sanitizeMiddleware.js
FN:1,sanitizeString
FN:9,sanitizeObject
FN:19,sanitize
FNF:3
FNH:3
FNDA:22,sanitizeString
FNDA:29,sanitizeObject
FNDA:29,sanitize
DA:2,22
DA:3,22
DA:10,29
DA:11,29
DA:12,29
DA:13,24
DA:14,24
DA:16,29
DA:20,29
DA:21,29
DA:24,7
LF:11
LH:11
BRDA:2,0,0,0
BRDA:2,0,1,22
BRDA:10,1,0,0
BRDA:10,1,1,29
BRDA:10,2,0,29
BRDA:10,2,1,29
BRDA:14,3,0,22
BRDA:14,3,1,2
BRDA:20,4,0,29
BRDA:20,4,1,0
BRF:10
BRH:7
end_of_record
TN:
SF:src/middlewares/validateMiddleware.js
FN:3,validate
FN:4,(anonymous_1)
FN:7,(anonymous_2)
FN:14,validarCPF
FN:99,(anonymous_4)
FN:144,(anonymous_5)
FNF:6
FNH:3
FNDA:42,validate
FNDA:5,(anonymous_1)
FNDA:11,(anonymous_2)
FNDA:0,validarCPF
FNDA:0,(anonymous_4)
FNDA:0,(anonymous_5)
DA:1,7
DA:4,42
DA:5,5
DA:6,5
DA:7,11
DA:8,5
DA:10,0
DA:15,0
DA:16,0
DA:17,0
DA:18,0
DA:19,0
DA:20,0
DA:21,0
DA:22,0
DA:23,0
DA:24,0
DA:25,0
DA:26,0
DA:27,0
DA:28,0
DA:31,7
DA:100,0
DA:101,0
DA:102,0
DA:144,7
DA:154,7
LF:27
LH:9
BRDA:6,0,0,5
BRDA:6,0,1,0
BRDA:15,1,0,0
BRDA:15,1,1,0
BRDA:17,2,0,0
BRDA:17,2,1,0
BRDA:18,3,0,0
BRDA:18,3,1,0
BRDA:22,4,0,0
BRDA:22,4,1,0
BRDA:22,5,0,0
BRDA:22,5,1,0
BRDA:23,6,0,0
BRDA:23,6,1,0
BRDA:27,7,0,0
BRDA:27,7,1,0
BRDA:27,8,0,0
BRDA:27,8,1,0
BRDA:100,9,0,0
BRDA:100,9,1,0
BRDA:101,10,0,0
BRDA:101,10,1,0
BRF:22
BRH:1
end_of_record
TN:
SF:src/models/appointmentModel.js
FN:3,findAll
FN:22,(anonymous_1)
FN:38,findById
FN:49,findByRecorrencia
FN:60,findProximas
FN:73,findRecentes
FN:86,findSemProntuarioApos1h
FN:101,countsByStatus
FN:119,countsPorMes
FN:137,create
FN:147,update
FN:158,updateAllRecorrencia
FN:172,updateStatus
FN:180,cancelOne
FN:184,cancelAllRecorrencia
FN:195,saveGoogleEventId
FNF:16
FNH:0
FNDA:0,findAll
FNDA:0,(anonymous_1)
FNDA:0,findById
FNDA:0,findByRecorrencia
FNDA:0,findProximas
FNDA:0,findRecentes
FNDA:0,findSemProntuarioApos1h
FNDA:0,countsByStatus
FNDA:0,countsPorMes
FNDA:0,create
FNDA:0,update
FNDA:0,updateAllRecorrencia
FNDA:0,updateStatus
FNDA:0,cancelOne
FNDA:0,cancelAllRecorrencia
FNDA:0,saveGoogleEventId
DA:1,7
DA:4,0
DA:11,0
DA:13,0
DA:14,0
DA:15,0
DA:17,0
DA:18,0
DA:19,0
DA:21,0
DA:22,0
DA:23,0
DA:24,0
DA:25,0
DA:28,0
DA:29,0
DA:30,0
DA:33,0
DA:34,0
DA:35,0
DA:39,0
DA:46,0
DA:50,0
DA:57,0
DA:61,0
DA:70,0
DA:74,0
DA:83,0
DA:87,0
DA:98,0
DA:102,0
DA:116,0
DA:120,0
DA:134,0
DA:138,0
DA:144,0
DA:148,0
DA:155,0
DA:159,0
DA:160,0
DA:169,0
DA:173,0
DA:177,0
DA:181,0
DA:185,0
DA:192,0
DA:196,0
DA:199,7
LF:48
LH:2
BRDA:13,0,0,0
BRDA:13,0,1,0
BRDA:17,1,0,0
BRDA:17,1,1,0
BRDA:21,2,0,0
BRDA:21,2,1,0
BRDA:23,3,0,0
BRDA:23,3,1,0
BRDA:28,4,0,0
BRDA:28,4,1,0
BRDA:46,5,0,0
BRDA:46,5,1,0
BRDA:68,6,0,0
BRDA:68,6,1,0
BRDA:81,7,0,0
BRDA:81,7,1,0
BRDA:142,8,0,0
BRDA:142,8,1,0
BRDA:142,9,0,0
BRDA:142,9,1,0
BRDA:155,10,0,0
BRDA:155,10,1,0
BRDA:177,11,0,0
BRDA:177,11,1,0
BRF:24
BRH:0
end_of_record
TN:
SF:src/models/calendarTokenModel.js
FN:4,findByUserId
FN:12,salvar
FN:24,remove
FNF:3
FNH:0
FNDA:0,findByUserId
FNDA:0,salvar
FNDA:0,remove
DA:2,7
DA:5,0
DA:9,0
DA:13,0
DA:21,0
DA:25,0
DA:28,7
LF:7
LH:2
BRDA:9,0,0,0
BRDA:9,0,1,0
BRF:2
BRH:0
end_of_record
TN:
SF:src/models/noteModel.js
FN:4,findByAppointment
FN:12,findByPatient
FN:24,create
FN:32,update
FN:40,remove
FNF:5
FNH:0
FNDA:0,findByAppointment
FNDA:0,findByPatient
FNDA:0,create
FNDA:0,update
FNDA:0,remove
DA:2,6
DA:5,0
DA:9,0
DA:13,0
DA:21,0
DA:25,0
DA:29,0
DA:33,0
DA:37,0
DA:41,0
DA:45,0
DA:48,6
LF:12
LH:2
BRDA:37,0,0,0
BRDA:37,0,1,0
BRDA:45,1,0,0
BRDA:45,1,1,0
BRF:4
BRH:0
end_of_record
TN:
SF:src/models/patientModel.js
FN:8,findAll
FN:23,findById
FN:31,create
FN:40,update
FN:53,remove
FN:83,updateFunilEtapa
FN:91,avancarParaAgendamento
FN:102,countActive
FN:109,findAguardandoRetornoVencidos
FN:120,findAniversariantesDoDia
FNF:10
FNH:0
FNDA:0,findAll
FNDA:0,findById
FNDA:0,create
FNDA:0,update
FNDA:0,remove
FNDA:0,updateFunilEtapa
FNDA:0,avancarParaAgendamento
FNDA:0,countActive
FNDA:0,findAguardandoRetornoVencidos
FNDA:0,findAniversariantesDoDia
DA:1,8
DA:3,8
DA:9,0
DA:13,0
DA:14,0
DA:15,0
DA:16,0
DA:18,0
DA:19,0
DA:20,0
DA:24,0
DA:28,0
DA:32,0
DA:37,0
DA:41,0
DA:47,0
DA:55,0
DA:59,0
DA:64,0
DA:67,0
DA:80,0
DA:84,0
DA:88,0
DA:92,0
DA:93,0
DA:94,0
DA:95,0
DA:96,0
DA:97,0
DA:99,0
DA:103,0
DA:106,0
DA:110,0
DA:117,0
DA:121,0
DA:128,0
DA:131,8
LF:37
LH:3
BRDA:14,0,0,0
BRDA:14,0,1,0
BRDA:28,1,0,0
BRDA:28,1,1,0
BRDA:35,2,0,0
BRDA:35,2,1,0
BRDA:35,3,0,0
BRDA:35,3,1,0
BRDA:35,4,0,0
BRDA:35,4,1,0
BRDA:35,5,0,0
BRDA:35,5,1,0
BRDA:35,6,0,0
BRDA:35,6,1,0
BRDA:35,7,0,0
BRDA:35,7,1,0
BRDA:45,8,0,0
BRDA:45,8,1,0
BRDA:45,9,0,0
BRDA:45,9,1,0
BRDA:45,10,0,0
BRDA:45,10,1,0
BRDA:45,11,0,0
BRDA:45,11,1,0
BRDA:45,12,0,0
BRDA:45,12,1,0
BRDA:45,13,0,0
BRDA:45,13,1,0
BRDA:47,14,0,0
BRDA:47,14,1,0
BRDA:80,15,0,0
BRDA:80,15,1,0
BRDA:88,16,0,0
BRDA:88,16,1,0
BRDA:93,17,0,0
BRDA:93,17,1,0
BRDA:96,18,0,0
BRDA:96,18,1,0
BRF:38
BRH:0
end_of_record
TN:
SF:src/models/prontuarioModel.js
FN:7,getKey
FN:11,encrypt
FN:19,decrypt
FN:33,findDecrypted
FN:47,upsert
FNF:5
FNH:0
FNDA:0,getKey
FNDA:0,encrypt
FNDA:0,decrypt
FNDA:0,findDecrypted
FNDA:0,upsert
DA:2,6
DA:3,6
DA:5,6
DA:8,0
DA:12,0
DA:13,0
DA:14,0
DA:15,0
DA:16,0
DA:20,0
DA:21,0
DA:22,0
DA:23,0
DA:24,0
DA:25,0
DA:26,0
DA:27,0
DA:29,0
DA:34,0
DA:38,0
DA:40,0
DA:41,0
DA:48,0
DA:50,0
DA:61,0
DA:64,6
LF:26
LH:4
BRDA:8,0,0,0
BRDA:8,0,1,0
BRDA:12,1,0,0
BRDA:12,1,1,0
BRDA:20,2,0,0
BRDA:20,2,1,0
BRDA:38,3,0,0
BRDA:38,3,1,0
BRDA:48,4,0,0
BRDA:48,4,1,0
BRDA:59,5,0,0
BRDA:59,5,1,0
BRDA:59,6,0,0
BRDA:59,6,1,0
BRF:14
BRH:0
end_of_record
TN:
SF:src/models/reminderModel.js
FN:4,findAll
FN:12,findHoje
FN:24,findById
FN:32,create
FN:41,update
FN:52,remove
FNF:6
FNH:0
FNDA:0,findAll
FNDA:0,findHoje
FNDA:0,findById
FNDA:0,create
FNDA:0,update
FNDA:0,remove
DA:2,7
DA:5,0
DA:9,0
DA:13,0
DA:21,0
DA:25,0
DA:29,0
DA:33,0
DA:38,0
DA:42,0
DA:49,0
DA:53,0
DA:57,0
DA:60,7
LF:14
LH:2
BRDA:29,0,0,0
BRDA:29,0,1,0
BRDA:36,1,0,0
BRDA:36,1,1,0
BRDA:47,2,0,0
BRDA:47,2,1,0
BRDA:49,3,0,0
BRDA:49,3,1,0
BRDA:57,4,0,0
BRDA:57,4,1,0
BRF:10
BRH:0
end_of_record
TN:
SF:src/models/resetTokenModel.js
FN:4,criar
FN:23,buscar
FN:32,marcarUsado
FNF:3
FNH:0
FNDA:0,criar
FNDA:0,buscar
FNDA:0,marcarUsado
DA:1,6
DA:2,6
DA:6,0
DA:11,0
DA:12,0
DA:14,0
DA:20,0
DA:24,0
DA:29,0
DA:33,0
DA:39,6
LF:11
LH:3
BRDA:29,0,0,0
BRDA:29,0,1,0
BRF:2
BRH:0
end_of_record
TN:
SF:src/models/tarefaModel.js
FN:4,findPendentes
FN:16,existePendente
FN:24,create
FN:32,marcarFeita
FN:40,remove
FNF:5
FNH:0
FNDA:0,findPendentes
FNDA:0,existePendente
FNDA:0,create
FNDA:0,marcarFeita
FNDA:0,remove
DA:2,7
DA:5,0
DA:13,0
DA:17,0
DA:21,0
DA:25,0
DA:29,0
DA:33,0
DA:37,0
DA:41,0
DA:45,0
DA:48,7
LF:12
LH:2
BRDA:37,0,0,0
BRDA:37,0,1,0
BRDA:45,1,0,0
BRDA:45,1,1,0
BRF:4
BRH:0
end_of_record
TN:
SF:src/models/userModel.js
FN:3,findByEmail
FN:8,findById
FN:16,create
FN:26,update
FN:35,updatePassword
FN:40,anonimizar
FN:57,removerDadosPacientes
FNF:7
FNH:0
FNDA:0,findByEmail
FNDA:0,findById
FNDA:0,create
FNDA:0,update
FNDA:0,updatePassword
FNDA:0,anonimizar
FNDA:0,removerDadosPacientes
DA:1,7
DA:4,0
DA:5,0
DA:9,0
DA:13,0
DA:17,0
DA:23,0
DA:27,0
DA:32,0
DA:36,0
DA:41,0
DA:42,0
DA:44,0
DA:59,0
DA:65,0
DA:71,0
DA:84,0
DA:85,0
DA:86,0
DA:89,7
LF:20
LH:2
BRDA:5,0,0,0
BRDA:5,0,1,0
BRDA:13,1,0,0
BRDA:13,1,1,0
BRDA:21,2,0,0
BRDA:21,2,1,0
BRDA:21,3,0,0
BRDA:21,3,1,0
BRDA:30,4,0,0
BRDA:30,4,1,0
BRDA:30,5,0,0
BRDA:30,5,1,0
BRDA:32,6,0,0
BRDA:32,6,1,0
BRF:14
BRH:0
end_of_record
TN:
SF:src/routes/appointmentRoutes.js
FNF:0
FNH:0
DA:1,6
DA:2,6
DA:3,6
DA:4,6
DA:5,6
DA:7,6
DA:9,6
DA:10,6
DA:11,6
DA:12,6
DA:13,6
DA:14,6
DA:16,6
LF:13
LH:13
BRF:0
BRH:0
end_of_record
TN:
SF:src/routes/authRoutes.js
FNF:0
FNH:0
DA:1,6
DA:2,6
DA:3,6
DA:4,6
DA:5,6
DA:6,6
DA:8,6
DA:9,6
DA:10,6
DA:11,6
DA:12,6
DA:13,6
DA:15,6
LF:13
LH:13
BRF:0
BRH:0
end_of_record
TN:
SF:src/routes/calendarRoutes.js
FNF:0
FNH:0
DA:1,6
DA:2,6
DA:3,6
DA:4,6
DA:6,6
DA:7,6
DA:8,6
DA:10,6
DA:12,6
LF:9
LH:9
BRF:0
BRH:0
end_of_record
TN:
SF:src/routes/dashboardRoutes.js
FNF:0
FNH:0
DA:1,6
DA:2,6
DA:3,6
DA:4,6
DA:6,6
DA:8,6
LF:6
LH:6
BRF:0
BRH:0
end_of_record
TN:
SF:src/routes/funilRoutes.js
FNF:0
FNH:0
DA:1,6
DA:2,6
DA:3,6
DA:4,6
DA:6,6
DA:8,6
DA:9,6
DA:11,6
LF:8
LH:8
BRF:0
BRH:0
end_of_record
TN:
SF:src/routes/noteRoutes.js
FNF:0
FNH:0
DA:1,6
DA:2,6
DA:3,6
DA:4,6
DA:6,6
DA:8,6
DA:9,6
DA:10,6
DA:11,6
DA:12,6
DA:14,6
LF:11
LH:11
BRF:0
BRH:0
end_of_record
TN:
SF:src/routes/patientRoutes.js
FNF:0
FNH:0
DA:1,6
DA:2,6
DA:3,6
DA:4,6
DA:5,6
DA:7,6
DA:9,6
DA:10,6
DA:11,6
DA:12,6
DA:13,6
DA:15,6
LF:12
LH:12
BRF:0
BRH:0
end_of_record
TN:
SF:src/routes/prontuarioRoutes.js
FN:15,(anonymous_0)
FN:18,(anonymous_1)
FN:27,(anonymous_2)
FNF:3
FNH:0
FNDA:0,(anonymous_0)
FNDA:0,(anonymous_1)
FNDA:0,(anonymous_2)
DA:1,6
DA:2,6
DA:3,6
DA:4,6
DA:5,6
DA:6,6
DA:7,6
DA:9,6
DA:10,6
DA:11,0
DA:14,6
DA:16,0
DA:19,0
DA:20,0
DA:21,0
DA:25,6
DA:28,0
DA:33,0
DA:34,0
DA:36,0
DA:42,6
DA:44,6
DA:45,6
DA:46,6
DA:47,6
DA:49,6
LF:26
LH:17
BRDA:10,0,0,0
BRDA:10,0,1,6
BRDA:33,1,0,0
BRDA:33,1,1,0
BRF:4
BRH:1
end_of_record
TN:
SF:src/routes/reminderRoutes.js
FNF:0
FNH:0
DA:1,6
DA:2,6
DA:3,6
DA:4,6
DA:5,6
DA:7,6
DA:9,6
DA:10,6
DA:11,6
DA:12,6
DA:14,6
LF:11
LH:11
BRF:0
BRH:0
end_of_record
TN:
SF:src/routes/resetRoutes.js
FNF:0
FNH:0
DA:1,6
DA:2,6
DA:3,6
DA:4,6
DA:6,6
DA:7,6
DA:8,6
DA:10,6
LF:8
LH:8
BRF:0
BRH:0
end_of_record
TN:
SF:src/routes/tarefaRoutes.js
FNF:0
FNH:0
DA:1,6
DA:2,6
DA:3,6
DA:4,6
DA:6,6
DA:8,6
DA:9,6
DA:10,6
DA:11,6
DA:13,6
LF:10
LH:10
BRF:0
BRH:0
end_of_record
TN:
SF:src/services/appointmentService.js
FN:11,somarDias
FN:17,calcularDatasRecorrencia
FN:32,listar
FN:36,buscarPorId
FN:42,criar
FN:85,criarEventosBackground
FN:99,atualizar
FN:117,(anonymous_7)
FN:129,(anonymous_8)
FN:134,cancelar
FN:143,(anonymous_10)
FN:151,(anonymous_11)
FN:156,concluir
FNF:13
FNH:4
FNDA:0,somarDias
FNDA:0,calcularDatasRecorrencia
FNDA:0,listar
FNDA:2,buscarPorId
FNDA:4,criar
FNDA:1,criarEventosBackground
FNDA:0,atualizar
FNDA:0,(anonymous_7)
FNDA:0,(anonymous_8)
FNDA:2,cancelar
FNDA:0,(anonymous_10)
FNDA:0,(anonymous_11)
FNDA:0,concluir
DA:1,7
DA:2,7
DA:3,7
DA:4,7
DA:5,7
DA:7,7
DA:12,0
DA:13,0
DA:14,0
DA:18,0
DA:19,0
DA:20,0
DA:22,0
DA:23,0
DA:24,0
DA:26,0
DA:27,0
DA:29,0
DA:33,0
DA:37,2
DA:38,2
DA:39,1
DA:43,4
DA:44,2
DA:47,2
DA:48,2
DA:50,1
DA:51,1
DA:53,1
DA:56,1
DA:57,1
DA:59,1
DA:60,1
DA:61,1
DA:62,0
DA:63,1
DA:64,0
DA:67,1
DA:68,1
DA:69,0
DA:70,0
DA:71,0
DA:74,0
DA:75,0
DA:76,0
DA:80,1
DA:82,1
DA:86,1
DA:87,1
DA:88,1
DA:90,1
DA:91,0
DA:92,0
DA:95,0
DA:100,0
DA:101,0
DA:104,0
DA:105,0
DA:107,0
DA:109,0
DA:110,0
DA:113,0
DA:114,0
DA:115,0
DA:116,0
DA:117,0
DA:120,0
DA:123,0
DA:126,0
DA:127,0
DA:128,0
DA:129,0
DA:131,0
DA:135,2
DA:136,2
DA:138,1
DA:139,0
DA:140,0
DA:141,0
DA:142,0
DA:143,0
DA:146,0
DA:149,1
DA:150,1
DA:151,0
DA:153,1
DA:157,0
DA:158,0
DA:160,0
DA:162,0
DA:163,0
DA:166,0
DA:167,0
DA:168,0
DA:176,0
DA:179,7
LF:96
LH:37
BRDA:22,0,0,0
BRDA:22,0,1,0
BRDA:23,1,0,0
BRDA:23,1,1,0
BRDA:24,2,0,0
BRDA:24,2,1,0
BRDA:33,3,0,0
BRDA:33,3,1,0
BRDA:33,4,0,0
BRDA:33,4,1,0
BRDA:33,5,0,0
BRDA:33,5,1,0
BRDA:33,6,0,0
BRDA:33,6,1,0
BRDA:38,7,0,1
BRDA:38,7,1,1
BRDA:43,8,0,2
BRDA:43,8,1,2
BRDA:43,9,0,4
BRDA:43,9,1,3
BRDA:48,10,0,1
BRDA:48,10,1,1
BRDA:50,11,0,1
BRDA:50,11,1,1
BRDA:51,12,0,0
BRDA:51,12,1,1
BRDA:57,13,0,1
BRDA:57,13,1,0
BRDA:61,14,0,0
BRDA:61,14,1,1
BRDA:63,15,0,0
BRDA:63,15,1,1
BRDA:68,16,0,0
BRDA:68,16,1,1
BRDA:75,17,0,0
BRDA:75,17,1,0
BRDA:88,18,0,1
BRDA:88,18,1,0
BRDA:92,19,0,0
BRDA:92,19,1,0
BRDA:100,20,0,0
BRDA:100,20,1,0
BRDA:100,21,0,0
BRDA:100,21,1,0
BRDA:105,22,0,0
BRDA:105,22,1,0
BRDA:109,23,0,0
BRDA:109,23,1,0
BRDA:109,24,0,0
BRDA:109,24,1,0
BRDA:114,25,0,0
BRDA:114,25,1,0
BRDA:124,26,0,0
BRDA:124,26,1,0
BRDA:126,27,0,0
BRDA:126,27,1,0
BRDA:126,28,0,0
BRDA:126,28,1,0
BRDA:136,29,0,1
BRDA:136,29,1,1
BRDA:138,30,0,0
BRDA:138,30,1,1
BRDA:138,31,0,1
BRDA:138,31,1,0
BRDA:142,32,0,0
BRDA:142,32,1,0
BRDA:150,33,0,0
BRDA:150,33,1,1
BRDA:158,34,0,0
BRDA:158,34,1,0
BRDA:162,35,0,0
BRDA:162,35,1,0
BRDA:162,36,0,0
BRDA:162,36,1,0
BRDA:167,37,0,0
BRDA:167,37,1,0
BRDA:171,38,0,0
BRDA:171,38,1,0
BRF:78
BRH:21
end_of_record
TN:
SF:src/services/authService.js
FN:7,cadastrar
FN:20,login
FN:37,getPerfil
FN:45,atualizarPerfil
FN:53,alterarSenha
FN:71,excluirConta
FNF:6
FNH:3
FNDA:2,cadastrar
FNDA:2,login
FNDA:0,getPerfil
FNDA:0,atualizarPerfil
FNDA:1,alterarSenha
FNDA:0,excluirConta
DA:1,7
DA:2,7
DA:3,7
DA:5,7
DA:8,2
DA:9,2
DA:10,1
DA:13,1
DA:14,1
DA:15,1
DA:17,1
DA:21,2
DA:22,2
DA:23,1
DA:26,1
DA:27,1
DA:28,1
DA:31,0
DA:32,0
DA:34,0
DA:38,0
DA:39,0
DA:40,0
DA:42,0
DA:46,0
DA:47,0
DA:48,0
DA:50,0
DA:54,1
DA:55,1
DA:57,1
DA:58,1
DA:59,1
DA:62,0
DA:63,0
DA:65,0
DA:72,0
DA:73,0
DA:74,0
DA:77,7
LF:40
LH:23
BRDA:9,0,0,1
BRDA:9,0,1,1
BRDA:22,1,0,1
BRDA:22,1,1,1
BRDA:27,2,0,1
BRDA:27,2,1,0
BRDA:39,3,0,0
BRDA:39,3,1,0
BRDA:47,4,0,0
BRDA:47,4,1,0
BRDA:58,5,0,1
BRDA:58,5,1,0
BRF:12
BRH:6
end_of_record
TN:
SF:src/services/calendarService.js
FN:7,formatarParaCalendar
FN:14,criarClienteOAuth
FN:25,getUrlAutorizacao
FN:36,processarCallback
FN:57,getClienteAutenticado
FN:80,criarEvento
FN:130,atualizarEvento
FN:170,deletarEvento
FN:182,getStatus
FN:187,desconectar
FNF:10
FNH:0
FNDA:0,formatarParaCalendar
FNDA:0,criarClienteOAuth
FNDA:0,getUrlAutorizacao
FNDA:0,processarCallback
FNDA:0,getClienteAutenticado
FNDA:0,criarEvento
FNDA:0,atualizarEvento
FNDA:0,deletarEvento
FNDA:0,getStatus
FNDA:0,desconectar
DA:1,7
DA:2,7
DA:8,0
DA:9,0
DA:10,0
DA:11,0
DA:15,0
DA:16,0
DA:18,0
DA:26,0
DA:27,0
DA:37,0
DA:38,0
DA:39,0
DA:40,0
DA:42,0
DA:43,0
DA:44,0
DA:45,0
DA:46,0
DA:49,0
DA:50,0
DA:52,0
DA:53,0
DA:58,0
DA:59,0
DA:61,0
DA:62,0
DA:64,0
DA:65,0
DA:66,0
DA:67,0
DA:68,0
DA:69,0
DA:70,0
DA:72,0
DA:73,0
DA:74,0
DA:77,0
DA:81,0
DA:82,0
DA:83,0
DA:85,0
DA:88,0
DA:89,0
DA:90,0
DA:92,0
DA:93,0
DA:94,0
DA:97,0
DA:111,0
DA:112,0
DA:113,0
DA:116,0
DA:123,0
DA:125,0
DA:126,0
DA:131,0
DA:132,0
DA:133,0
DA:134,0
DA:135,0
DA:138,0
DA:139,0
DA:140,0
DA:142,0
DA:143,0
DA:144,0
DA:147,0
DA:154,0
DA:155,0
DA:156,0
DA:159,0
DA:166,0
DA:171,0
DA:172,0
DA:173,0
DA:174,0
DA:175,0
DA:176,0
DA:178,0
DA:183,0
DA:184,0
DA:188,0
DA:189,0
DA:192,7
LF:86
LH:3
BRDA:15,0,0,0
BRDA:15,0,1,0
BRDA:15,1,0,0
BRDA:15,1,1,0
BRDA:40,2,0,0
BRDA:40,2,1,0
BRDA:43,3,0,0
BRDA:43,3,1,0
BRDA:45,4,0,0
BRDA:45,4,1,0
BRDA:49,5,0,0
BRDA:49,5,1,0
BRDA:59,6,0,0
BRDA:59,6,1,0
BRDA:65,7,0,0
BRDA:65,7,1,0
BRDA:68,8,0,0
BRDA:68,8,1,0
BRDA:69,9,0,0
BRDA:69,9,1,0
BRDA:83,10,0,0
BRDA:83,10,1,0
BRDA:93,11,0,0
BRDA:93,11,1,0
BRDA:93,12,0,0
BRDA:93,12,1,0
BRDA:111,13,0,0
BRDA:111,13,1,0
BRDA:120,14,0,0
BRDA:120,14,1,0
BRDA:131,15,0,0
BRDA:131,15,1,0
BRDA:134,16,0,0
BRDA:134,16,1,0
BRDA:143,17,0,0
BRDA:143,17,1,0
BRDA:154,18,0,0
BRDA:154,18,1,0
BRDA:163,19,0,0
BRDA:163,19,1,0
BRDA:166,20,0,0
BRDA:166,20,1,0
BRDA:166,21,0,0
BRDA:166,21,1,0
BRDA:171,22,0,0
BRDA:171,22,1,0
BRDA:174,23,0,0
BRDA:174,23,1,0
BRDA:178,24,0,0
BRDA:178,24,1,0
BRDA:178,25,0,0
BRDA:178,25,1,0
BRF:52
BRH:0
end_of_record
TN:
SF:src/services/dashboardService.js
FN:6,getDados
FNF:1
FNH:0
FNDA:0,getDados
DA:1,6
DA:2,6
DA:3,6
DA:4,6
DA:7,0
DA:17,0
DA:27,0
DA:38,6
LF:8
LH:5
BRF:0
BRH:0
end_of_record
TN:
SF:src/services/emailService.js
FN:5,enviarResetSenha
FNF:1
FNH:0
FNDA:0,enviarResetSenha
DA:1,6
DA:3,6
DA:6,0
DA:7,0
DA:9,0
DA:34,6
LF:6
LH:3
BRF:0
BRH:0
end_of_record
TN:
SF:src/services/noteService.js
FN:5,listarPorConsulta
FN:15,historicoPorPaciente
FN:19,criar
FN:34,atualizar
FN:49,remover
FNF:5
FNH:0
FNDA:0,listarPorConsulta
FNDA:0,historicoPorPaciente
FNDA:0,criar
FNDA:0,atualizar
FNDA:0,remover
DA:2,6
DA:3,6
DA:6,0
DA:7,0
DA:8,0
DA:9,0
DA:10,0
DA:12,0
DA:16,0
DA:20,0
DA:21,0
DA:22,0
DA:23,0
DA:25,0
DA:26,0
DA:27,0
DA:28,0
DA:29,0
DA:31,0
DA:35,0
DA:36,0
DA:37,0
DA:38,0
DA:40,0
DA:41,0
DA:42,0
DA:43,0
DA:44,0
DA:46,0
DA:50,0
DA:51,0
DA:52,0
DA:53,0
DA:54,0
DA:56,0
DA:59,6
LF:36
LH:3
BRDA:7,0,0,0
BRDA:7,0,1,0
BRDA:20,1,0,0
BRDA:20,1,1,0
BRDA:26,2,0,0
BRDA:26,2,1,0
BRDA:35,3,0,0
BRDA:35,3,1,0
BRDA:41,4,0,0
BRDA:41,4,1,0
BRDA:51,5,0,0
BRDA:51,5,1,0
BRF:12
BRH:0
end_of_record
TN:
SF:src/services/patientService.js
FN:4,listar
FN:8,buscarPorId
FN:18,criar
FN:30,atualizar
FN:48,remover
FNF:5
FNH:3
FNDA:1,listar
FNDA:2,buscarPorId
FNDA:2,criar
FNDA:0,atualizar
FNDA:0,remover
DA:2,7
DA:5,1
DA:9,2
DA:10,2
DA:11,1
DA:12,1
DA:13,1
DA:15,1
DA:19,2
DA:20,1
DA:21,1
DA:22,1
DA:24,1
DA:31,0
DA:32,0
DA:33,0
DA:34,0
DA:36,0
DA:40,0
DA:41,0
DA:42,0
DA:43,0
DA:45,0
DA:49,0
DA:50,0
DA:51,0
DA:52,0
DA:53,0
DA:55,0
DA:58,7
LF:30
LH:14
BRDA:10,0,0,1
BRDA:10,0,1,1
BRDA:19,1,0,1
BRDA:19,1,1,1
BRDA:31,2,0,0
BRDA:31,2,1,0
BRDA:40,3,0,0
BRDA:40,3,1,0
BRDA:50,4,0,0
BRDA:50,4,1,0
BRF:10
BRH:4
end_of_record
TN:
SF:src/services/prontuarioService.js
FN:4,buscar
FN:12,salvar
FNF:2
FNH:0
FNDA:0,buscar
FNDA:0,salvar
DA:1,6
DA:2,6
DA:5,0
DA:6,0
DA:7,0
DA:9,0
DA:13,0
DA:14,0
DA:15,0
DA:17,0
DA:20,6
LF:11
LH:3
BRDA:6,0,0,0
BRDA:6,0,1,0
BRDA:14,1,0,0
BRDA:14,1,1,0
BRF:4
BRH:0
end_of_record
TN:
SF:src/services/reminderService.js
FN:4,listar
FN:8,criar
FN:17,atualizar
FN:37,remover
FNF:4
FNH:3
FNDA:1,listar
FNDA:3,criar
FNDA:2,atualizar
FNDA:0,remover
DA:2,7
DA:5,1
DA:9,3
DA:10,2
DA:11,2
DA:12,2
DA:14,1
DA:18,2
DA:19,2
DA:20,1
DA:22,1
DA:29,1
DA:30,0
DA:31,0
DA:32,0
DA:34,1
DA:38,0
DA:39,0
DA:40,0
DA:41,0
DA:42,0
DA:44,0
DA:47,7
LF:23
LH:14
BRDA:9,0,0,2
BRDA:9,0,1,1
BRDA:9,1,0,3
BRDA:9,1,1,2
BRDA:19,2,0,1
BRDA:19,2,1,1
BRDA:24,3,0,1
BRDA:24,3,1,1
BRDA:25,4,0,1
BRDA:25,4,1,1
BRDA:26,5,0,1
BRDA:26,5,1,1
BRDA:27,6,0,1
BRDA:27,6,1,0
BRDA:29,7,0,0
BRDA:29,7,1,1
BRDA:39,8,0,0
BRDA:39,8,1,0
BRF:18
BRH:14
end_of_record
TN:
SF:src/services/tarefaService.js
FN:5,listarPendentes
FN:9,marcarFeita
FN:15,remover
FN:21,criarTarefaProntuario
FN:33,verificarEGerarTarefas
FNF:5
FNH:0
FNDA:0,listarPendentes
FNDA:0,marcarFeita
FNDA:0,remover
FNDA:0,criarTarefaProntuario
FNDA:0,verificarEGerarTarefas
DA:1,6
DA:2,6
DA:3,6
DA:6,0
DA:10,0
DA:11,0
DA:12,0
DA:16,0
DA:17,0
DA:18,0
DA:22,0
DA:23,0
DA:24,0
DA:30,0
DA:34,0
DA:35,0
DA:36,0
DA:37,0
DA:38,0
DA:42,0
DA:43,0
DA:44,0
DA:45,0
DA:46,0
DA:50,0
DA:51,0
DA:52,0
DA:53,0
DA:54,0
DA:59,6
LF:30
LH:4
BRDA:11,0,0,0
BRDA:11,0,1,0
BRDA:17,1,0,0
BRDA:17,1,1,0
BRDA:23,2,0,0
BRDA:23,2,1,0
BRDA:37,3,0,0
BRDA:37,3,1,0
BRDA:45,4,0,0
BRDA:45,4,1,0
BRDA:53,5,0,0
BRDA:53,5,1,0
BRF:12
BRH:0
end_of_record
TN:
SF:src/utils/jwtUtils.js
FN:4,generateToken
FN:10,verifyToken
FNF:2
FNH:1
FNDA:0,generateToken
FNDA:7,verifyToken
DA:2,7
DA:5,0
DA:11,7
DA:14,7
LF:4
LH:3
BRDA:6,0,0,0
BRDA:6,0,1,0
BRF:2
BRH:0
end_of_record
